{"/home/cinaski/Desktop/Progetti/StellarBurrito/StellarLibs/stellarburrito/accountOperations.js":{"path":"/home/cinaski/Desktop/Progetti/StellarBurrito/StellarLibs/stellarburrito/accountOperations.js","statementMap":{"0":{"start":{"line":1,"column":12},"end":{"line":1,"column":30}},"1":{"start":{"line":2,"column":12},"end":{"line":2,"column":29}},"2":{"start":{"line":3,"column":17},"end":{"line":3,"column":39}},"3":{"start":{"line":4,"column":17},"end":{"line":4,"column":36}},"4":{"start":{"line":6,"column":14},"end":{"line":6,"column":24}},"5":{"start":{"line":7,"column":4},"end":{"line":13,"column":5}},"6":{"start":{"line":8,"column":6},"end":{"line":8,"column":60}},"7":{"start":{"line":9,"column":6},"end":{"line":9,"column":41}},"8":{"start":{"line":11,"column":6},"end":{"line":11,"column":59}},"9":{"start":{"line":12,"column":6},"end":{"line":12,"column":43}},"10":{"start":{"line":34,"column":2},"end":{"line":101,"column":4}},"11":{"start":{"line":36,"column":26},"end":{"line":36,"column":71}},"12":{"start":{"line":37,"column":4},"end":{"line":40,"column":5}},"13":{"start":{"line":38,"column":6},"end":{"line":38,"column":34}},"14":{"start":{"line":39,"column":6},"end":{"line":39,"column":12}},"15":{"start":{"line":41,"column":4},"end":{"line":44,"column":5}},"16":{"start":{"line":42,"column":6},"end":{"line":42,"column":53}},"17":{"start":{"line":43,"column":6},"end":{"line":43,"column":12}},"18":{"start":{"line":45,"column":4},"end":{"line":45,"column":42}},"19":{"start":{"line":47,"column":4},"end":{"line":51,"column":5}},"20":{"start":{"line":47,"column":10},"end":{"line":47,"column":54}},"21":{"start":{"line":49,"column":6},"end":{"line":49,"column":47}},"22":{"start":{"line":50,"column":6},"end":{"line":50,"column":12}},"23":{"start":{"line":52,"column":21},"end":{"line":52,"column":48}},"24":{"start":{"line":53,"column":4},"end":{"line":100,"column":8}},"25":{"start":{"line":55,"column":8},"end":{"line":55,"column":75}},"26":{"start":{"line":56,"column":8},"end":{"line":56,"column":14}},"27":{"start":{"line":59,"column":26},"end":{"line":66,"column":18}},"28":{"start":{"line":67,"column":8},"end":{"line":67,"column":30}},"29":{"start":{"line":68,"column":8},"end":{"line":68,"column":52}},"30":{"start":{"line":71,"column":8},"end":{"line":94,"column":12}},"31":{"start":{"line":73,"column":12},"end":{"line":73,"column":59}},"32":{"start":{"line":74,"column":12},"end":{"line":74,"column":18}},"33":{"start":{"line":77,"column":12},"end":{"line":82,"column":13}},"34":{"start":{"line":78,"column":14},"end":{"line":81,"column":16}},"35":{"start":{"line":83,"column":12},"end":{"line":93,"column":16}},"36":{"start":{"line":85,"column":16},"end":{"line":88,"column":18}},"37":{"start":{"line":91,"column":16},"end":{"line":91,"column":43}},"38":{"start":{"line":92,"column":16},"end":{"line":92,"column":22}},"39":{"start":{"line":97,"column":8},"end":{"line":97,"column":19}},"40":{"start":{"line":98,"column":8},"end":{"line":98,"column":104}},"41":{"start":{"line":99,"column":8},"end":{"line":99,"column":14}},"42":{"start":{"line":118,"column":2},"end":{"line":154,"column":4}},"43":{"start":{"line":120,"column":14},"end":{"line":120,"column":52}},"44":{"start":{"line":121,"column":4},"end":{"line":151,"column":8}},"45":{"start":{"line":123,"column":8},"end":{"line":123,"column":75}},"46":{"start":{"line":124,"column":8},"end":{"line":124,"column":14}},"47":{"start":{"line":128,"column":8},"end":{"line":131,"column":9}},"48":{"start":{"line":128,"column":14},"end":{"line":128,"column":61}},"49":{"start":{"line":129,"column":10},"end":{"line":129,"column":21}},"50":{"start":{"line":130,"column":10},"end":{"line":130,"column":16}},"51":{"start":{"line":132,"column":26},"end":{"line":138,"column":18}},"52":{"start":{"line":139,"column":8},"end":{"line":139,"column":30}},"53":{"start":{"line":140,"column":8},"end":{"line":140,"column":52}},"54":{"start":{"line":143,"column":8},"end":{"line":143,"column":23}},"55":{"start":{"line":146,"column":8},"end":{"line":149,"column":21}},"56":{"start":{"line":147,"column":10},"end":{"line":147,"column":104}},"57":{"start":{"line":149,"column":10},"end":{"line":149,"column":21}},"58":{"start":{"line":150,"column":8},"end":{"line":150,"column":14}},"59":{"start":{"line":167,"column":2},"end":{"line":197,"column":4}},"60":{"start":{"line":169,"column":14},"end":{"line":169,"column":52}},"61":{"start":{"line":170,"column":4},"end":{"line":194,"column":8}},"62":{"start":{"line":172,"column":8},"end":{"line":172,"column":75}},"63":{"start":{"line":173,"column":8},"end":{"line":173,"column":14}},"64":{"start":{"line":176,"column":26},"end":{"line":181,"column":18}},"65":{"start":{"line":182,"column":8},"end":{"line":182,"column":30}},"66":{"start":{"line":183,"column":8},"end":{"line":183,"column":52}},"67":{"start":{"line":186,"column":8},"end":{"line":186,"column":23}},"68":{"start":{"line":189,"column":8},"end":{"line":192,"column":21}},"69":{"start":{"line":190,"column":10},"end":{"line":190,"column":104}},"70":{"start":{"line":192,"column":10},"end":{"line":192,"column":21}},"71":{"start":{"line":193,"column":8},"end":{"line":193,"column":14}},"72":{"start":{"line":210,"column":2},"end":{"line":239,"column":4}},"73":{"start":{"line":211,"column":14},"end":{"line":211,"column":52}},"74":{"start":{"line":212,"column":4},"end":{"line":236,"column":8}},"75":{"start":{"line":214,"column":8},"end":{"line":214,"column":75}},"76":{"start":{"line":215,"column":8},"end":{"line":215,"column":14}},"77":{"start":{"line":218,"column":26},"end":{"line":224,"column":18}},"78":{"start":{"line":225,"column":8},"end":{"line":225,"column":30}},"79":{"start":{"line":226,"column":8},"end":{"line":226,"column":52}},"80":{"start":{"line":229,"column":8},"end":{"line":229,"column":23}},"81":{"start":{"line":232,"column":8},"end":{"line":235,"column":21}},"82":{"start":{"line":233,"column":10},"end":{"line":233,"column":104}},"83":{"start":{"line":235,"column":10},"end":{"line":235,"column":21}},"84":{"start":{"line":245,"column":0},"end":{"line":250,"column":1}}},"fnMap":{"0":{"name":"createAccount","decl":{"start":{"line":33,"column":15},"end":{"line":33,"column":28}},"loc":{"start":{"line":33,"column":245},"end":{"line":102,"column":1}},"line":33},"1":{"name":"(anonymous_1)","decl":{"start":{"line":34,"column":21},"end":{"line":34,"column":22}},"loc":{"start":{"line":34,"column":42},"end":{"line":101,"column":3}},"line":34},"2":{"name":"(anonymous_2)","decl":{"start":{"line":54,"column":39},"end":{"line":54,"column":40}},"loc":{"start":{"line":54,"column":56},"end":{"line":57,"column":7}},"line":54},"3":{"name":"(anonymous_3)","decl":{"start":{"line":58,"column":12},"end":{"line":58,"column":13}},"loc":{"start":{"line":58,"column":37},"end":{"line":69,"column":7}},"line":58},"4":{"name":"(anonymous_4)","decl":{"start":{"line":70,"column":12},"end":{"line":70,"column":13}},"loc":{"start":{"line":70,"column":30},"end":{"line":95,"column":7}},"line":70},"5":{"name":"(anonymous_5)","decl":{"start":{"line":72,"column":43},"end":{"line":72,"column":44}},"loc":{"start":{"line":72,"column":58},"end":{"line":75,"column":11}},"line":72},"6":{"name":"(anonymous_6)","decl":{"start":{"line":76,"column":16},"end":{"line":76,"column":17}},"loc":{"start":{"line":76,"column":41},"end":{"line":94,"column":11}},"line":76},"7":{"name":"(anonymous_7)","decl":{"start":{"line":84,"column":20},"end":{"line":84,"column":21}},"loc":{"start":{"line":84,"column":38},"end":{"line":89,"column":15}},"line":84},"8":{"name":"(anonymous_8)","decl":{"start":{"line":90,"column":21},"end":{"line":90,"column":22}},"loc":{"start":{"line":90,"column":38},"end":{"line":93,"column":15}},"line":90},"9":{"name":"(anonymous_9)","decl":{"start":{"line":96,"column":13},"end":{"line":96,"column":14}},"loc":{"start":{"line":96,"column":28},"end":{"line":100,"column":7}},"line":96},"10":{"name":"changeTrust","decl":{"start":{"line":117,"column":15},"end":{"line":117,"column":26}},"loc":{"start":{"line":117,"column":81},"end":{"line":155,"column":1}},"line":117},"11":{"name":"(anonymous_11)","decl":{"start":{"line":118,"column":21},"end":{"line":118,"column":22}},"loc":{"start":{"line":118,"column":42},"end":{"line":154,"column":3}},"line":118},"12":{"name":"(anonymous_12)","decl":{"start":{"line":122,"column":39},"end":{"line":122,"column":40}},"loc":{"start":{"line":122,"column":56},"end":{"line":125,"column":7}},"line":122},"13":{"name":"(anonymous_13)","decl":{"start":{"line":126,"column":12},"end":{"line":126,"column":13}},"loc":{"start":{"line":126,"column":37},"end":{"line":141,"column":7}},"line":126},"14":{"name":"(anonymous_14)","decl":{"start":{"line":142,"column":12},"end":{"line":142,"column":13}},"loc":{"start":{"line":142,"column":30},"end":{"line":144,"column":7}},"line":142},"15":{"name":"(anonymous_15)","decl":{"start":{"line":145,"column":13},"end":{"line":145,"column":14}},"loc":{"start":{"line":145,"column":28},"end":{"line":151,"column":7}},"line":145},"16":{"name":"mergeAccount","decl":{"start":{"line":166,"column":15},"end":{"line":166,"column":27}},"loc":{"start":{"line":166,"column":64},"end":{"line":198,"column":1}},"line":166},"17":{"name":"(anonymous_17)","decl":{"start":{"line":167,"column":21},"end":{"line":167,"column":22}},"loc":{"start":{"line":167,"column":42},"end":{"line":197,"column":3}},"line":167},"18":{"name":"(anonymous_18)","decl":{"start":{"line":171,"column":39},"end":{"line":171,"column":40}},"loc":{"start":{"line":171,"column":56},"end":{"line":174,"column":7}},"line":171},"19":{"name":"(anonymous_19)","decl":{"start":{"line":175,"column":12},"end":{"line":175,"column":13}},"loc":{"start":{"line":175,"column":37},"end":{"line":184,"column":7}},"line":175},"20":{"name":"(anonymous_20)","decl":{"start":{"line":185,"column":12},"end":{"line":185,"column":13}},"loc":{"start":{"line":185,"column":30},"end":{"line":187,"column":7}},"line":185},"21":{"name":"(anonymous_21)","decl":{"start":{"line":188,"column":13},"end":{"line":188,"column":14}},"loc":{"start":{"line":188,"column":30},"end":{"line":194,"column":7}},"line":188},"22":{"name":"manageData","decl":{"start":{"line":209,"column":15},"end":{"line":209,"column":25}},"loc":{"start":{"line":209,"column":62},"end":{"line":240,"column":1}},"line":209},"23":{"name":"(anonymous_23)","decl":{"start":{"line":210,"column":21},"end":{"line":210,"column":22}},"loc":{"start":{"line":210,"column":42},"end":{"line":239,"column":3}},"line":210},"24":{"name":"(anonymous_24)","decl":{"start":{"line":213,"column":39},"end":{"line":213,"column":40}},"loc":{"start":{"line":213,"column":56},"end":{"line":216,"column":7}},"line":213},"25":{"name":"(anonymous_25)","decl":{"start":{"line":217,"column":12},"end":{"line":217,"column":13}},"loc":{"start":{"line":217,"column":37},"end":{"line":227,"column":7}},"line":217},"26":{"name":"(anonymous_26)","decl":{"start":{"line":228,"column":12},"end":{"line":228,"column":13}},"loc":{"start":{"line":228,"column":30},"end":{"line":230,"column":7}},"line":228},"27":{"name":"(anonymous_27)","decl":{"start":{"line":231,"column":13},"end":{"line":231,"column":14}},"loc":{"start":{"line":231,"column":30},"end":{"line":236,"column":7}},"line":231}},"branchMap":{"0":{"loc":{"start":{"line":7,"column":4},"end":{"line":13,"column":5}},"type":"if","locations":[{"start":{"line":7,"column":4},"end":{"line":13,"column":5}},{"start":{"line":7,"column":4},"end":{"line":13,"column":5}}],"line":7},"1":{"loc":{"start":{"line":7,"column":8},"end":{"line":7,"column":54}},"type":"binary-expr","locations":[{"start":{"line":7,"column":8},"end":{"line":7,"column":33}},{"start":{"line":7,"column":37},"end":{"line":7,"column":54}}],"line":7},"2":{"loc":{"start":{"line":33,"column":38},"end":{"line":33,"column":61}},"type":"default-arg","locations":[{"start":{"line":33,"column":55},"end":{"line":33,"column":61}}],"line":33},"3":{"loc":{"start":{"line":33,"column":63},"end":{"line":33,"column":85}},"type":"default-arg","locations":[{"start":{"line":33,"column":76},"end":{"line":33,"column":85}}],"line":33},"4":{"loc":{"start":{"line":33,"column":87},"end":{"line":33,"column":112}},"type":"default-arg","locations":[{"start":{"line":33,"column":105},"end":{"line":33,"column":112}}],"line":33},"5":{"loc":{"start":{"line":33,"column":114},"end":{"line":33,"column":126}},"type":"default-arg","locations":[{"start":{"line":33,"column":124},"end":{"line":33,"column":126}}],"line":33},"6":{"loc":{"start":{"line":33,"column":128},"end":{"line":33,"column":150}},"type":"default-arg","locations":[{"start":{"line":33,"column":144},"end":{"line":33,"column":150}}],"line":33},"7":{"loc":{"start":{"line":33,"column":152},"end":{"line":33,"column":173}},"type":"default-arg","locations":[{"start":{"line":33,"column":164},"end":{"line":33,"column":173}}],"line":33},"8":{"loc":{"start":{"line":33,"column":175},"end":{"line":33,"column":194}},"type":"default-arg","locations":[{"start":{"line":33,"column":184},"end":{"line":33,"column":194}}],"line":33},"9":{"loc":{"start":{"line":33,"column":196},"end":{"line":33,"column":218}},"type":"default-arg","locations":[{"start":{"line":33,"column":208},"end":{"line":33,"column":218}}],"line":33},"10":{"loc":{"start":{"line":33,"column":220},"end":{"line":33,"column":243}},"type":"default-arg","locations":[{"start":{"line":33,"column":233},"end":{"line":33,"column":243}}],"line":33},"11":{"loc":{"start":{"line":37,"column":4},"end":{"line":40,"column":5}},"type":"if","locations":[{"start":{"line":37,"column":4},"end":{"line":40,"column":5}},{"start":{"line":37,"column":4},"end":{"line":40,"column":5}}],"line":37},"12":{"loc":{"start":{"line":41,"column":4},"end":{"line":44,"column":5}},"type":"if","locations":[{"start":{"line":41,"column":4},"end":{"line":44,"column":5}},{"start":{"line":41,"column":4},"end":{"line":44,"column":5}}],"line":41},"13":{"loc":{"start":{"line":77,"column":12},"end":{"line":82,"column":13}},"type":"if","locations":[{"start":{"line":77,"column":12},"end":{"line":82,"column":13}},{"start":{"line":77,"column":12},"end":{"line":82,"column":13}}],"line":77},"14":{"loc":{"start":{"line":117,"column":67},"end":{"line":117,"column":79}},"type":"default-arg","locations":[{"start":{"line":117,"column":77},"end":{"line":117,"column":79}}],"line":117},"15":{"loc":{"start":{"line":146,"column":8},"end":{"line":149,"column":21}},"type":"if","locations":[{"start":{"line":146,"column":8},"end":{"line":149,"column":21}},{"start":{"line":146,"column":8},"end":{"line":149,"column":21}}],"line":146},"16":{"loc":{"start":{"line":166,"column":50},"end":{"line":166,"column":62}},"type":"default-arg","locations":[{"start":{"line":166,"column":60},"end":{"line":166,"column":62}}],"line":166},"17":{"loc":{"start":{"line":189,"column":8},"end":{"line":192,"column":21}},"type":"if","locations":[{"start":{"line":189,"column":8},"end":{"line":192,"column":21}},{"start":{"line":189,"column":8},"end":{"line":192,"column":21}}],"line":189},"18":{"loc":{"start":{"line":209,"column":48},"end":{"line":209,"column":60}},"type":"default-arg","locations":[{"start":{"line":209,"column":58},"end":{"line":209,"column":60}}],"line":209},"19":{"loc":{"start":{"line":232,"column":8},"end":{"line":235,"column":21}},"type":"if","locations":[{"start":{"line":232,"column":8},"end":{"line":235,"column":21}},{"start":{"line":232,"column":8},"end":{"line":235,"column":21}}],"line":232}},"s":{"0":1,"1":1,"2":1,"3":1,"4":1,"5":1,"6":1,"7":1,"8":0,"9":0,"10":1,"11":1,"12":1,"13":0,"14":0,"15":1,"16":0,"17":0,"18":1,"19":1,"20":1,"21":0,"22":0,"23":1,"24":1,"25":0,"26":0,"27":1,"28":1,"29":1,"30":1,"31":0,"32":0,"33":1,"34":1,"35":1,"36":0,"37":1,"38":1,"39":0,"40":0,"41":0,"42":3,"43":3,"44":3,"45":0,"46":0,"47":3,"48":3,"49":1,"50":1,"51":2,"52":2,"53":2,"54":3,"55":0,"56":0,"57":0,"58":0,"59":1,"60":1,"61":1,"62":0,"63":0,"64":1,"65":1,"66":1,"67":1,"68":0,"69":0,"70":0,"71":0,"72":1,"73":1,"74":1,"75":0,"76":0,"77":1,"78":1,"79":1,"80":1,"81":0,"82":0,"83":0,"84":1},"f":{"0":1,"1":1,"2":0,"3":1,"4":1,"5":0,"6":1,"7":0,"8":1,"9":0,"10":3,"11":3,"12":0,"13":3,"14":3,"15":0,"16":1,"17":1,"18":0,"19":1,"20":1,"21":0,"22":1,"23":1,"24":0,"25":1,"26":1,"27":0},"b":{"0":[1,0],"1":[1,1],"2":[1],"3":[1],"4":[1],"5":[1],"6":[1],"7":[1],"8":[1],"9":[1],"10":[1],"11":[0,1],"12":[0,1],"13":[1,0],"14":[1],"15":[0,0],"16":[1],"17":[0,0],"18":[1],"19":[0,0]},"_coverageSchema":"43e27e138ebf9cfc5966b082cf9a028302ed4184","hash":"f336e2b528a8b939196dac4f4f3b22faeb9a9a4a","contentHash":"47d47f4402f789cb2f6e0f7028ba1bf07bb5e80e13ec6a846bc32e9670c259eb"},"/home/cinaski/Desktop/Progetti/StellarBurrito/StellarLibs/stellarburrito/error.js":{"path":"/home/cinaski/Desktop/Progetti/StellarBurrito/StellarLibs/stellarburrito/error.js","statementMap":{"0":{"start":{"line":2,"column":18},"end":{"line":2,"column":20}},"1":{"start":{"line":3,"column":4},"end":{"line":146,"column":5}},"2":{"start":{"line":5,"column":12},"end":{"line":18,"column":13}},"3":{"start":{"line":7,"column":20},"end":{"line":7,"column":132}},"4":{"start":{"line":8,"column":20},"end":{"line":8,"column":25}},"5":{"start":{"line":10,"column":20},"end":{"line":10,"column":110}},"6":{"start":{"line":11,"column":20},"end":{"line":11,"column":25}},"7":{"start":{"line":13,"column":20},"end":{"line":13,"column":123}},"8":{"start":{"line":14,"column":20},"end":{"line":14,"column":25}},"9":{"start":{"line":16,"column":20},"end":{"line":16,"column":178}},"10":{"start":{"line":17,"column":20},"end":{"line":17,"column":25}},"11":{"start":{"line":19,"column":12},"end":{"line":19,"column":17}},"12":{"start":{"line":21,"column":12},"end":{"line":44,"column":13}},"13":{"start":{"line":24,"column":20},"end":{"line":24,"column":149}},"14":{"start":{"line":25,"column":20},"end":{"line":25,"column":25}},"15":{"start":{"line":29,"column":20},"end":{"line":29,"column":142}},"16":{"start":{"line":30,"column":20},"end":{"line":30,"column":25}},"17":{"start":{"line":34,"column":20},"end":{"line":34,"column":244}},"18":{"start":{"line":35,"column":20},"end":{"line":35,"column":25}},"19":{"start":{"line":39,"column":20},"end":{"line":39,"column":100}},"20":{"start":{"line":40,"column":20},"end":{"line":40,"column":25}},"21":{"start":{"line":42,"column":20},"end":{"line":42,"column":57}},"22":{"start":{"line":43,"column":20},"end":{"line":43,"column":25}},"23":{"start":{"line":45,"column":12},"end":{"line":45,"column":17}},"24":{"start":{"line":47,"column":12},"end":{"line":70,"column":13}},"25":{"start":{"line":50,"column":20},"end":{"line":50,"column":90}},"26":{"start":{"line":51,"column":20},"end":{"line":51,"column":25}},"27":{"start":{"line":55,"column":20},"end":{"line":55,"column":273}},"28":{"start":{"line":56,"column":20},"end":{"line":56,"column":25}},"29":{"start":{"line":60,"column":20},"end":{"line":60,"column":168}},"30":{"start":{"line":61,"column":20},"end":{"line":61,"column":25}},"31":{"start":{"line":65,"column":20},"end":{"line":65,"column":107}},"32":{"start":{"line":66,"column":20},"end":{"line":66,"column":25}},"33":{"start":{"line":68,"column":20},"end":{"line":68,"column":69}},"34":{"start":{"line":69,"column":20},"end":{"line":69,"column":25}},"35":{"start":{"line":71,"column":12},"end":{"line":71,"column":17}},"36":{"start":{"line":73,"column":12},"end":{"line":104,"column":13}},"37":{"start":{"line":76,"column":20},"end":{"line":76,"column":89}},"38":{"start":{"line":77,"column":20},"end":{"line":77,"column":25}},"39":{"start":{"line":81,"column":20},"end":{"line":81,"column":65}},"40":{"start":{"line":82,"column":20},"end":{"line":82,"column":25}},"41":{"start":{"line":86,"column":20},"end":{"line":86,"column":103}},"42":{"start":{"line":87,"column":20},"end":{"line":87,"column":25}},"43":{"start":{"line":91,"column":20},"end":{"line":91,"column":117}},"44":{"start":{"line":92,"column":20},"end":{"line":92,"column":25}},"45":{"start":{"line":95,"column":20},"end":{"line":95,"column":67}},"46":{"start":{"line":96,"column":20},"end":{"line":96,"column":25}},"47":{"start":{"line":99,"column":20},"end":{"line":99,"column":90}},"48":{"start":{"line":100,"column":20},"end":{"line":100,"column":25}},"49":{"start":{"line":102,"column":20},"end":{"line":102,"column":59}},"50":{"start":{"line":103,"column":20},"end":{"line":103,"column":25}},"51":{"start":{"line":105,"column":12},"end":{"line":105,"column":17}},"52":{"start":{"line":107,"column":12},"end":{"line":130,"column":13}},"53":{"start":{"line":110,"column":20},"end":{"line":110,"column":71}},"54":{"start":{"line":111,"column":20},"end":{"line":111,"column":25}},"55":{"start":{"line":115,"column":20},"end":{"line":115,"column":99}},"56":{"start":{"line":116,"column":20},"end":{"line":116,"column":25}},"57":{"start":{"line":120,"column":20},"end":{"line":120,"column":242}},"58":{"start":{"line":121,"column":20},"end":{"line":121,"column":25}},"59":{"start":{"line":125,"column":20},"end":{"line":125,"column":70}},"60":{"start":{"line":126,"column":20},"end":{"line":126,"column":25}},"61":{"start":{"line":128,"column":20},"end":{"line":128,"column":57}},"62":{"start":{"line":129,"column":20},"end":{"line":129,"column":25}},"63":{"start":{"line":131,"column":12},"end":{"line":131,"column":17}},"64":{"start":{"line":133,"column":12},"end":{"line":137,"column":13}},"65":{"start":{"line":135,"column":20},"end":{"line":135,"column":67}},"66":{"start":{"line":136,"column":20},"end":{"line":136,"column":25}},"67":{"start":{"line":138,"column":12},"end":{"line":138,"column":17}},"68":{"start":{"line":140,"column":12},"end":{"line":144,"column":13}},"69":{"start":{"line":142,"column":20},"end":{"line":142,"column":99}},"70":{"start":{"line":143,"column":20},"end":{"line":143,"column":25}},"71":{"start":{"line":147,"column":4},"end":{"line":147,"column":18}},"72":{"start":{"line":149,"column":0},"end":{"line":149,"column":33}}},"fnMap":{"0":{"name":"errorManager","decl":{"start":{"line":1,"column":9},"end":{"line":1,"column":21}},"loc":{"start":{"line":1,"column":36},"end":{"line":148,"column":1}},"line":1}},"branchMap":{"0":{"loc":{"start":{"line":3,"column":4},"end":{"line":146,"column":5}},"type":"switch","locations":[{"start":{"line":4,"column":8},"end":{"line":19,"column":17}},{"start":{"line":20,"column":8},"end":{"line":45,"column":17}},{"start":{"line":46,"column":8},"end":{"line":71,"column":17}},{"start":{"line":72,"column":8},"end":{"line":105,"column":17}},{"start":{"line":106,"column":8},"end":{"line":131,"column":17}},{"start":{"line":132,"column":8},"end":{"line":138,"column":17}},{"start":{"line":139,"column":8},"end":{"line":144,"column":13}}],"line":3},"1":{"loc":{"start":{"line":5,"column":12},"end":{"line":18,"column":13}},"type":"switch","locations":[{"start":{"line":6,"column":16},"end":{"line":8,"column":25}},{"start":{"line":9,"column":16},"end":{"line":11,"column":25}},{"start":{"line":12,"column":16},"end":{"line":14,"column":25}},{"start":{"line":15,"column":16},"end":{"line":17,"column":25}}],"line":5},"2":{"loc":{"start":{"line":21,"column":12},"end":{"line":44,"column":13}},"type":"switch","locations":[{"start":{"line":22,"column":16},"end":{"line":22,"column":36}},{"start":{"line":23,"column":16},"end":{"line":25,"column":25}},{"start":{"line":27,"column":16},"end":{"line":27,"column":36}},{"start":{"line":28,"column":16},"end":{"line":30,"column":25}},{"start":{"line":32,"column":16},"end":{"line":32,"column":38}},{"start":{"line":33,"column":16},"end":{"line":35,"column":25}},{"start":{"line":37,"column":16},"end":{"line":37,"column":40}},{"start":{"line":38,"column":16},"end":{"line":40,"column":25}},{"start":{"line":41,"column":16},"end":{"line":43,"column":25}}],"line":21},"3":{"loc":{"start":{"line":47,"column":12},"end":{"line":70,"column":13}},"type":"switch","locations":[{"start":{"line":48,"column":16},"end":{"line":48,"column":36}},{"start":{"line":49,"column":16},"end":{"line":51,"column":25}},{"start":{"line":53,"column":16},"end":{"line":53,"column":38}},{"start":{"line":54,"column":16},"end":{"line":56,"column":25}},{"start":{"line":58,"column":16},"end":{"line":58,"column":38}},{"start":{"line":59,"column":16},"end":{"line":61,"column":25}},{"start":{"line":63,"column":16},"end":{"line":63,"column":41}},{"start":{"line":64,"column":16},"end":{"line":66,"column":25}},{"start":{"line":67,"column":16},"end":{"line":69,"column":25}}],"line":47},"4":{"loc":{"start":{"line":73,"column":12},"end":{"line":104,"column":13}},"type":"switch","locations":[{"start":{"line":74,"column":16},"end":{"line":74,"column":36}},{"start":{"line":75,"column":16},"end":{"line":77,"column":25}},{"start":{"line":79,"column":16},"end":{"line":79,"column":37}},{"start":{"line":80,"column":16},"end":{"line":82,"column":25}},{"start":{"line":84,"column":16},"end":{"line":84,"column":40}},{"start":{"line":85,"column":16},"end":{"line":87,"column":25}},{"start":{"line":89,"column":16},"end":{"line":89,"column":42}},{"start":{"line":90,"column":16},"end":{"line":92,"column":25}},{"start":{"line":93,"column":16},"end":{"line":93,"column":42}},{"start":{"line":94,"column":16},"end":{"line":96,"column":25}},{"start":{"line":97,"column":16},"end":{"line":97,"column":36}},{"start":{"line":98,"column":16},"end":{"line":100,"column":25}},{"start":{"line":101,"column":16},"end":{"line":103,"column":25}}],"line":73},"5":{"loc":{"start":{"line":107,"column":12},"end":{"line":130,"column":13}},"type":"switch","locations":[{"start":{"line":108,"column":16},"end":{"line":108,"column":44}},{"start":{"line":109,"column":16},"end":{"line":111,"column":25}},{"start":{"line":113,"column":16},"end":{"line":113,"column":46}},{"start":{"line":114,"column":16},"end":{"line":116,"column":25}},{"start":{"line":118,"column":16},"end":{"line":118,"column":38}},{"start":{"line":119,"column":16},"end":{"line":121,"column":25}},{"start":{"line":123,"column":16},"end":{"line":123,"column":44}},{"start":{"line":124,"column":16},"end":{"line":126,"column":25}},{"start":{"line":127,"column":16},"end":{"line":129,"column":25}}],"line":107},"6":{"loc":{"start":{"line":133,"column":12},"end":{"line":137,"column":13}},"type":"switch","locations":[{"start":{"line":134,"column":16},"end":{"line":136,"column":25}}],"line":133},"7":{"loc":{"start":{"line":140,"column":12},"end":{"line":144,"column":13}},"type":"switch","locations":[{"start":{"line":141,"column":16},"end":{"line":143,"column":25}}],"line":140}},"s":{"0":0,"1":0,"2":0,"3":0,"4":0,"5":0,"6":0,"7":0,"8":0,"9":0,"10":0,"11":0,"12":0,"13":0,"14":0,"15":0,"16":0,"17":0,"18":0,"19":0,"20":0,"21":0,"22":0,"23":0,"24":0,"25":0,"26":0,"27":0,"28":0,"29":0,"30":0,"31":0,"32":0,"33":0,"34":0,"35":0,"36":0,"37":0,"38":0,"39":0,"40":0,"41":0,"42":0,"43":0,"44":0,"45":0,"46":0,"47":0,"48":0,"49":0,"50":0,"51":0,"52":0,"53":0,"54":0,"55":0,"56":0,"57":0,"58":0,"59":0,"60":0,"61":0,"62":0,"63":0,"64":0,"65":0,"66":0,"67":0,"68":0,"69":0,"70":0,"71":0,"72":1},"f":{"0":0},"b":{"0":[0,0,0,0,0,0,0],"1":[0,0,0,0],"2":[0,0,0,0,0,0,0,0,0],"3":[0,0,0,0,0,0,0,0,0],"4":[0,0,0,0,0,0,0,0,0,0,0,0,0],"5":[0,0,0,0,0,0,0,0,0],"6":[0],"7":[0]},"_coverageSchema":"43e27e138ebf9cfc5966b082cf9a028302ed4184","hash":"077b8713636578c9fe0d9489ec713038ae39ec07","contentHash":"c103ee7e1c73038cf4b7f35ee95628128e4a99e84ddd8a4de0461f5231f48dc2"},"/home/cinaski/Desktop/Progetti/StellarBurrito/StellarLibs/stellarburrito/memo.js":{"path":"/home/cinaski/Desktop/Progetti/StellarBurrito/StellarLibs/stellarburrito/memo.js","statementMap":{"0":{"start":{"line":1,"column":11},"end":{"line":1,"column":29}},"1":{"start":{"line":2,"column":17},"end":{"line":2,"column":39}},"2":{"start":{"line":4,"column":15},"end":{"line":4,"column":17}},"3":{"start":{"line":5,"column":16},"end":{"line":5,"column":21}},"4":{"start":{"line":7,"column":4},"end":{"line":35,"column":5}},"5":{"start":{"line":9,"column":12},"end":{"line":14,"column":48}},"6":{"start":{"line":10,"column":16},"end":{"line":10,"column":50}},"7":{"start":{"line":11,"column":16},"end":{"line":11,"column":28}},"8":{"start":{"line":14,"column":12},"end":{"line":14,"column":48}},"9":{"start":{"line":15,"column":12},"end":{"line":15,"column":18}},"10":{"start":{"line":17,"column":12},"end":{"line":22,"column":46}},"11":{"start":{"line":18,"column":16},"end":{"line":18,"column":50}},"12":{"start":{"line":19,"column":16},"end":{"line":19,"column":28}},"13":{"start":{"line":22,"column":12},"end":{"line":22,"column":46}},"14":{"start":{"line":23,"column":12},"end":{"line":23,"column":18}},"15":{"start":{"line":25,"column":12},"end":{"line":30,"column":50}},"16":{"start":{"line":26,"column":16},"end":{"line":26,"column":50}},"17":{"start":{"line":27,"column":16},"end":{"line":27,"column":28}},"18":{"start":{"line":30,"column":12},"end":{"line":30,"column":50}},"19":{"start":{"line":31,"column":12},"end":{"line":31,"column":18}},"20":{"start":{"line":33,"column":12},"end":{"line":33,"column":46}},"21":{"start":{"line":34,"column":12},"end":{"line":34,"column":24}},"22":{"start":{"line":36,"column":4},"end":{"line":36,"column":26}},"23":{"start":{"line":38,"column":0},"end":{"line":38,"column":32}}},"fnMap":{"0":{"name":"memoCreator","decl":{"start":{"line":3,"column":9},"end":{"line":3,"column":20}},"loc":{"start":{"line":3,"column":36},"end":{"line":37,"column":1}},"line":3}},"branchMap":{"0":{"loc":{"start":{"line":7,"column":4},"end":{"line":35,"column":5}},"type":"switch","locations":[{"start":{"line":8,"column":8},"end":{"line":15,"column":18}},{"start":{"line":16,"column":8},"end":{"line":23,"column":18}},{"start":{"line":24,"column":8},"end":{"line":31,"column":18}},{"start":{"line":32,"column":8},"end":{"line":34,"column":24}}],"line":7},"1":{"loc":{"start":{"line":9,"column":12},"end":{"line":14,"column":48}},"type":"if","locations":[{"start":{"line":9,"column":12},"end":{"line":14,"column":48}},{"start":{"line":9,"column":12},"end":{"line":14,"column":48}}],"line":9},"2":{"loc":{"start":{"line":17,"column":12},"end":{"line":22,"column":46}},"type":"if","locations":[{"start":{"line":17,"column":12},"end":{"line":22,"column":46}},{"start":{"line":17,"column":12},"end":{"line":22,"column":46}}],"line":17},"3":{"loc":{"start":{"line":17,"column":16},"end":{"line":17,"column":61}},"type":"binary-expr","locations":[{"start":{"line":17,"column":16},"end":{"line":17,"column":46}},{"start":{"line":17,"column":50},"end":{"line":17,"column":61}}],"line":17},"4":{"loc":{"start":{"line":25,"column":12},"end":{"line":30,"column":50}},"type":"if","locations":[{"start":{"line":25,"column":12},"end":{"line":30,"column":50}},{"start":{"line":25,"column":12},"end":{"line":30,"column":50}}],"line":25}},"s":{"0":1,"1":1,"2":1,"3":1,"4":1,"5":1,"6":0,"7":0,"8":1,"9":1,"10":0,"11":0,"12":0,"13":0,"14":0,"15":0,"16":0,"17":0,"18":0,"19":0,"20":0,"21":0,"22":1,"23":1},"f":{"0":1},"b":{"0":[1,0,0,0],"1":[0,1],"2":[0,0],"3":[0,0],"4":[0,0]},"_coverageSchema":"43e27e138ebf9cfc5966b082cf9a028302ed4184","hash":"bafe824a37ee55fa5b091dd48eb108dae5de480c","contentHash":"2a66fab7a79e4b6bf664a39203903cd676bf73eb4a05a17e3ca4ed6f0305372e"},"/home/cinaski/Desktop/Progetti/StellarBurrito/StellarLibs/stellarburrito/config.js":{"path":"/home/cinaski/Desktop/Progetti/StellarBurrito/StellarLibs/stellarburrito/config.js","statementMap":{"0":{"start":{"line":1,"column":0},"end":{"line":7,"column":1}}},"fnMap":{},"branchMap":{},"s":{"0":1},"f":{},"b":{},"_coverageSchema":"43e27e138ebf9cfc5966b082cf9a028302ed4184","hash":"362f1a8c55e7f6db92b4f867629023bbeda2a566","contentHash":"1539c56406f57056ed70201fd3263fcd5e0e55ca0381f05634d6c4c165bb748f"},"/home/cinaski/Desktop/Progetti/StellarBurrito/StellarLibs/stellarburrito/accountStatus.js":{"path":"/home/cinaski/Desktop/Progetti/StellarBurrito/StellarLibs/stellarburrito/accountStatus.js","statementMap":{"0":{"start":{"line":1,"column":13},"end":{"line":1,"column":32}},"1":{"start":{"line":3,"column":12},"end":{"line":3,"column":22}},"2":{"start":{"line":4,"column":19},"end":{"line":4,"column":41}},"3":{"start":{"line":5,"column":2},"end":{"line":11,"column":3}},"4":{"start":{"line":6,"column":3},"end":{"line":6,"column":38}},"5":{"start":{"line":7,"column":3},"end":{"line":7,"column":57}},"6":{"start":{"line":9,"column":3},"end":{"line":9,"column":40}},"7":{"start":{"line":10,"column":3},"end":{"line":10,"column":56}},"8":{"start":{"line":18,"column":1},"end":{"line":29,"column":3}},"9":{"start":{"line":19,"column":2},"end":{"line":28,"column":5}},"10":{"start":{"line":23,"column":4},"end":{"line":23,"column":17}},"11":{"start":{"line":26,"column":4},"end":{"line":26,"column":17}},"12":{"start":{"line":27,"column":4},"end":{"line":27,"column":10}},"13":{"start":{"line":37,"column":1},"end":{"line":52,"column":3}},"14":{"start":{"line":38,"column":2},"end":{"line":50,"column":5}},"15":{"start":{"line":40,"column":19},"end":{"line":42,"column":5}},"16":{"start":{"line":43,"column":4},"end":{"line":44,"column":45}},"17":{"start":{"line":43,"column":17},"end":{"line":43,"column":18}},"18":{"start":{"line":44,"column":5},"end":{"line":44,"column":45}},"19":{"start":{"line":45,"column":4},"end":{"line":45,"column":21}},"20":{"start":{"line":48,"column":4},"end":{"line":48,"column":17}},"21":{"start":{"line":49,"column":4},"end":{"line":49,"column":10}},"22":{"start":{"line":60,"column":1},"end":{"line":74,"column":3}},"23":{"start":{"line":61,"column":2},"end":{"line":72,"column":5}},"24":{"start":{"line":63,"column":17},"end":{"line":63,"column":31}},"25":{"start":{"line":64,"column":4},"end":{"line":66,"column":114}},"26":{"start":{"line":64,"column":17},"end":{"line":64,"column":18}},"27":{"start":{"line":65,"column":5},"end":{"line":66,"column":114}},"28":{"start":{"line":66,"column":6},"end":{"line":66,"column":114}},"29":{"start":{"line":67,"column":4},"end":{"line":67,"column":19}},"30":{"start":{"line":70,"column":4},"end":{"line":70,"column":17}},"31":{"start":{"line":71,"column":4},"end":{"line":71,"column":10}},"32":{"start":{"line":82,"column":1},"end":{"line":92,"column":3}},"33":{"start":{"line":83,"column":2},"end":{"line":90,"column":5}},"34":{"start":{"line":85,"column":4},"end":{"line":85,"column":27}},"35":{"start":{"line":88,"column":4},"end":{"line":88,"column":17}},"36":{"start":{"line":89,"column":4},"end":{"line":89,"column":10}},"37":{"start":{"line":101,"column":1},"end":{"line":113,"column":3}},"38":{"start":{"line":102,"column":2},"end":{"line":111,"column":5}},"39":{"start":{"line":106,"column":4},"end":{"line":106,"column":17}},"40":{"start":{"line":109,"column":4},"end":{"line":109,"column":17}},"41":{"start":{"line":110,"column":4},"end":{"line":110,"column":10}},"42":{"start":{"line":121,"column":1},"end":{"line":131,"column":3}},"43":{"start":{"line":122,"column":2},"end":{"line":129,"column":5}},"44":{"start":{"line":124,"column":4},"end":{"line":124,"column":28}},"45":{"start":{"line":127,"column":4},"end":{"line":127,"column":17}},"46":{"start":{"line":128,"column":4},"end":{"line":128,"column":10}},"47":{"start":{"line":139,"column":1},"end":{"line":154,"column":3}},"48":{"start":{"line":140,"column":2},"end":{"line":152,"column":5}},"49":{"start":{"line":142,"column":18},"end":{"line":144,"column":5}},"50":{"start":{"line":145,"column":4},"end":{"line":146,"column":39}},"51":{"start":{"line":145,"column":17},"end":{"line":145,"column":18}},"52":{"start":{"line":146,"column":5},"end":{"line":146,"column":39}},"53":{"start":{"line":147,"column":4},"end":{"line":147,"column":20}},"54":{"start":{"line":150,"column":4},"end":{"line":150,"column":17}},"55":{"start":{"line":151,"column":4},"end":{"line":151,"column":10}},"56":{"start":{"line":162,"column":1},"end":{"line":171,"column":3}},"57":{"start":{"line":163,"column":2},"end":{"line":169,"column":5}},"58":{"start":{"line":165,"column":4},"end":{"line":165,"column":23}},"59":{"start":{"line":168,"column":4},"end":{"line":168,"column":17}},"60":{"start":{"line":179,"column":1},"end":{"line":189,"column":3}},"61":{"start":{"line":180,"column":2},"end":{"line":187,"column":5}},"62":{"start":{"line":182,"column":4},"end":{"line":182,"column":39}},"63":{"start":{"line":185,"column":4},"end":{"line":185,"column":17}},"64":{"start":{"line":186,"column":4},"end":{"line":186,"column":10}},"65":{"start":{"line":197,"column":1},"end":{"line":207,"column":3}},"66":{"start":{"line":198,"column":2},"end":{"line":205,"column":5}},"67":{"start":{"line":200,"column":4},"end":{"line":200,"column":29}},"68":{"start":{"line":203,"column":4},"end":{"line":203,"column":17}},"69":{"start":{"line":204,"column":4},"end":{"line":204,"column":10}},"70":{"start":{"line":215,"column":1},"end":{"line":225,"column":3}},"71":{"start":{"line":216,"column":2},"end":{"line":223,"column":5}},"72":{"start":{"line":218,"column":4},"end":{"line":218,"column":26}},"73":{"start":{"line":221,"column":4},"end":{"line":221,"column":17}},"74":{"start":{"line":222,"column":4},"end":{"line":222,"column":10}},"75":{"start":{"line":227,"column":0},"end":{"line":239,"column":1}}},"fnMap":{"0":{"name":"getAccount","decl":{"start":{"line":17,"column":15},"end":{"line":17,"column":25}},"loc":{"start":{"line":17,"column":34},"end":{"line":30,"column":1}},"line":17},"1":{"name":"(anonymous_1)","decl":{"start":{"line":18,"column":20},"end":{"line":18,"column":21}},"loc":{"start":{"line":18,"column":41},"end":{"line":29,"column":2}},"line":18},"2":{"name":"(anonymous_2)","decl":{"start":{"line":22,"column":9},"end":{"line":22,"column":10}},"loc":{"start":{"line":22,"column":25},"end":{"line":24,"column":4}},"line":22},"3":{"name":"(anonymous_3)","decl":{"start":{"line":25,"column":10},"end":{"line":25,"column":11}},"loc":{"start":{"line":25,"column":27},"end":{"line":28,"column":4}},"line":25},"4":{"name":"getBalances","decl":{"start":{"line":36,"column":15},"end":{"line":36,"column":26}},"loc":{"start":{"line":36,"column":35},"end":{"line":53,"column":1}},"line":36},"5":{"name":"(anonymous_5)","decl":{"start":{"line":37,"column":20},"end":{"line":37,"column":21}},"loc":{"start":{"line":37,"column":41},"end":{"line":52,"column":2}},"line":37},"6":{"name":"(anonymous_6)","decl":{"start":{"line":39,"column":9},"end":{"line":39,"column":10}},"loc":{"start":{"line":39,"column":17},"end":{"line":46,"column":4}},"line":39},"7":{"name":"(anonymous_7)","decl":{"start":{"line":47,"column":10},"end":{"line":47,"column":11}},"loc":{"start":{"line":47,"column":27},"end":{"line":50,"column":4}},"line":47},"8":{"name":"getTrustlines","decl":{"start":{"line":59,"column":15},"end":{"line":59,"column":28}},"loc":{"start":{"line":59,"column":37},"end":{"line":75,"column":1}},"line":59},"9":{"name":"(anonymous_9)","decl":{"start":{"line":60,"column":20},"end":{"line":60,"column":21}},"loc":{"start":{"line":60,"column":41},"end":{"line":74,"column":2}},"line":60},"10":{"name":"(anonymous_10)","decl":{"start":{"line":62,"column":9},"end":{"line":62,"column":10}},"loc":{"start":{"line":62,"column":17},"end":{"line":68,"column":4}},"line":62},"11":{"name":"(anonymous_11)","decl":{"start":{"line":69,"column":10},"end":{"line":69,"column":11}},"loc":{"start":{"line":69,"column":27},"end":{"line":72,"column":4}},"line":69},"12":{"name":"getData","decl":{"start":{"line":81,"column":15},"end":{"line":81,"column":22}},"loc":{"start":{"line":81,"column":31},"end":{"line":93,"column":1}},"line":81},"13":{"name":"(anonymous_13)","decl":{"start":{"line":82,"column":20},"end":{"line":82,"column":21}},"loc":{"start":{"line":82,"column":41},"end":{"line":92,"column":2}},"line":82},"14":{"name":"(anonymous_14)","decl":{"start":{"line":84,"column":9},"end":{"line":84,"column":10}},"loc":{"start":{"line":84,"column":17},"end":{"line":86,"column":4}},"line":84},"15":{"name":"(anonymous_15)","decl":{"start":{"line":87,"column":10},"end":{"line":87,"column":11}},"loc":{"start":{"line":87,"column":27},"end":{"line":90,"column":4}},"line":87},"16":{"name":"getOffers","decl":{"start":{"line":100,"column":15},"end":{"line":100,"column":24}},"loc":{"start":{"line":100,"column":45},"end":{"line":114,"column":1}},"line":100},"17":{"name":"(anonymous_17)","decl":{"start":{"line":101,"column":20},"end":{"line":101,"column":21}},"loc":{"start":{"line":101,"column":41},"end":{"line":113,"column":2}},"line":101},"18":{"name":"(anonymous_18)","decl":{"start":{"line":105,"column":9},"end":{"line":105,"column":10}},"loc":{"start":{"line":105,"column":17},"end":{"line":107,"column":4}},"line":105},"19":{"name":"(anonymous_19)","decl":{"start":{"line":108,"column":10},"end":{"line":108,"column":11}},"loc":{"start":{"line":108,"column":27},"end":{"line":111,"column":4}},"line":108},"20":{"name":"getThresholds","decl":{"start":{"line":120,"column":15},"end":{"line":120,"column":28}},"loc":{"start":{"line":120,"column":37},"end":{"line":132,"column":1}},"line":120},"21":{"name":"(anonymous_21)","decl":{"start":{"line":121,"column":20},"end":{"line":121,"column":21}},"loc":{"start":{"line":121,"column":41},"end":{"line":131,"column":2}},"line":121},"22":{"name":"(anonymous_22)","decl":{"start":{"line":123,"column":9},"end":{"line":123,"column":10}},"loc":{"start":{"line":123,"column":17},"end":{"line":125,"column":4}},"line":123},"23":{"name":"(anonymous_23)","decl":{"start":{"line":126,"column":10},"end":{"line":126,"column":11}},"loc":{"start":{"line":126,"column":27},"end":{"line":129,"column":4}},"line":126},"24":{"name":"getSigners","decl":{"start":{"line":138,"column":15},"end":{"line":138,"column":25}},"loc":{"start":{"line":138,"column":34},"end":{"line":155,"column":1}},"line":138},"25":{"name":"(anonymous_25)","decl":{"start":{"line":139,"column":20},"end":{"line":139,"column":21}},"loc":{"start":{"line":139,"column":41},"end":{"line":154,"column":2}},"line":139},"26":{"name":"(anonymous_26)","decl":{"start":{"line":141,"column":9},"end":{"line":141,"column":10}},"loc":{"start":{"line":141,"column":17},"end":{"line":148,"column":4}},"line":141},"27":{"name":"(anonymous_27)","decl":{"start":{"line":149,"column":10},"end":{"line":149,"column":11}},"loc":{"start":{"line":149,"column":27},"end":{"line":152,"column":4}},"line":149},"28":{"name":"getFlags","decl":{"start":{"line":161,"column":15},"end":{"line":161,"column":23}},"loc":{"start":{"line":161,"column":32},"end":{"line":172,"column":1}},"line":161},"29":{"name":"(anonymous_29)","decl":{"start":{"line":162,"column":20},"end":{"line":162,"column":21}},"loc":{"start":{"line":162,"column":41},"end":{"line":171,"column":2}},"line":162},"30":{"name":"(anonymous_30)","decl":{"start":{"line":164,"column":9},"end":{"line":164,"column":10}},"loc":{"start":{"line":164,"column":17},"end":{"line":166,"column":4}},"line":164},"31":{"name":"(anonymous_31)","decl":{"start":{"line":167,"column":10},"end":{"line":167,"column":11}},"loc":{"start":{"line":167,"column":27},"end":{"line":169,"column":4}},"line":167},"32":{"name":"getInflationDestination","decl":{"start":{"line":178,"column":15},"end":{"line":178,"column":38}},"loc":{"start":{"line":178,"column":47},"end":{"line":190,"column":1}},"line":178},"33":{"name":"(anonymous_33)","decl":{"start":{"line":179,"column":20},"end":{"line":179,"column":21}},"loc":{"start":{"line":179,"column":41},"end":{"line":189,"column":2}},"line":179},"34":{"name":"(anonymous_34)","decl":{"start":{"line":181,"column":9},"end":{"line":181,"column":10}},"loc":{"start":{"line":181,"column":17},"end":{"line":183,"column":4}},"line":181},"35":{"name":"(anonymous_35)","decl":{"start":{"line":184,"column":10},"end":{"line":184,"column":11}},"loc":{"start":{"line":184,"column":27},"end":{"line":187,"column":4}},"line":184},"36":{"name":"getHomeDomain","decl":{"start":{"line":196,"column":15},"end":{"line":196,"column":28}},"loc":{"start":{"line":196,"column":37},"end":{"line":208,"column":1}},"line":196},"37":{"name":"(anonymous_37)","decl":{"start":{"line":197,"column":20},"end":{"line":197,"column":21}},"loc":{"start":{"line":197,"column":41},"end":{"line":207,"column":2}},"line":197},"38":{"name":"(anonymous_38)","decl":{"start":{"line":199,"column":9},"end":{"line":199,"column":10}},"loc":{"start":{"line":199,"column":17},"end":{"line":201,"column":4}},"line":199},"39":{"name":"(anonymous_39)","decl":{"start":{"line":202,"column":10},"end":{"line":202,"column":11}},"loc":{"start":{"line":202,"column":27},"end":{"line":205,"column":4}},"line":202},"40":{"name":"getSequenceNumber","decl":{"start":{"line":214,"column":15},"end":{"line":214,"column":32}},"loc":{"start":{"line":214,"column":41},"end":{"line":226,"column":1}},"line":214},"41":{"name":"(anonymous_41)","decl":{"start":{"line":215,"column":20},"end":{"line":215,"column":21}},"loc":{"start":{"line":215,"column":41},"end":{"line":225,"column":2}},"line":215},"42":{"name":"(anonymous_42)","decl":{"start":{"line":217,"column":9},"end":{"line":217,"column":10}},"loc":{"start":{"line":217,"column":17},"end":{"line":219,"column":4}},"line":217},"43":{"name":"(anonymous_43)","decl":{"start":{"line":220,"column":10},"end":{"line":220,"column":11}},"loc":{"start":{"line":220,"column":27},"end":{"line":223,"column":4}},"line":220}},"branchMap":{"0":{"loc":{"start":{"line":5,"column":2},"end":{"line":11,"column":3}},"type":"if","locations":[{"start":{"line":5,"column":2},"end":{"line":11,"column":3}},{"start":{"line":5,"column":2},"end":{"line":11,"column":3}}],"line":5},"1":{"loc":{"start":{"line":5,"column":6},"end":{"line":5,"column":52}},"type":"binary-expr","locations":[{"start":{"line":5,"column":6},"end":{"line":5,"column":31}},{"start":{"line":5,"column":35},"end":{"line":5,"column":52}}],"line":5},"2":{"loc":{"start":{"line":65,"column":5},"end":{"line":66,"column":114}},"type":"if","locations":[{"start":{"line":65,"column":5},"end":{"line":66,"column":114}},{"start":{"line":65,"column":5},"end":{"line":66,"column":114}}],"line":65},"3":{"loc":{"start":{"line":100,"column":33},"end":{"line":100,"column":43}},"type":"default-arg","locations":[{"start":{"line":100,"column":41},"end":{"line":100,"column":43}}],"line":100}},"s":{"0":1,"1":1,"2":1,"3":1,"4":1,"5":1,"6":0,"7":0,"8":10,"9":10,"10":10,"11":0,"12":0,"13":1,"14":1,"15":1,"16":1,"17":1,"18":17,"19":1,"20":0,"21":0,"22":1,"23":1,"24":1,"25":1,"26":1,"27":17,"28":16,"29":1,"30":0,"31":0,"32":1,"33":1,"34":1,"35":0,"36":0,"37":0,"38":0,"39":0,"40":0,"41":0,"42":1,"43":1,"44":1,"45":0,"46":0,"47":1,"48":1,"49":1,"50":1,"51":1,"52":1,"53":1,"54":0,"55":0,"56":1,"57":1,"58":1,"59":0,"60":1,"61":1,"62":1,"63":0,"64":0,"65":1,"66":1,"67":1,"68":0,"69":0,"70":1,"71":1,"72":1,"73":0,"74":0,"75":1},"f":{"0":10,"1":10,"2":10,"3":0,"4":1,"5":1,"6":1,"7":0,"8":1,"9":1,"10":1,"11":0,"12":1,"13":1,"14":1,"15":0,"16":0,"17":0,"18":0,"19":0,"20":1,"21":1,"22":1,"23":0,"24":1,"25":1,"26":1,"27":0,"28":1,"29":1,"30":1,"31":0,"32":1,"33":1,"34":1,"35":0,"36":1,"37":1,"38":1,"39":0,"40":1,"41":1,"42":1,"43":0},"b":{"0":[1,0],"1":[1,1],"2":[16,1],"3":[0]},"_coverageSchema":"43e27e138ebf9cfc5966b082cf9a028302ed4184","hash":"7c9b0d33fa5fa31f3e9d4d1c91d7b5eaadf242ae","contentHash":"5656de3010795f57c247bfc19555d36a089c0380e01bf2f62924b27f1b87a1ff"},"/home/cinaski/Desktop/Progetti/StellarBurrito/StellarLibs/stellarburrito/assetOperations.js":{"path":"/home/cinaski/Desktop/Progetti/StellarBurrito/StellarLibs/stellarburrito/assetOperations.js","statementMap":{"0":{"start":{"line":1,"column":13},"end":{"line":1,"column":32}},"1":{"start":{"line":3,"column":10},"end":{"line":3,"column":20}},"2":{"start":{"line":4,"column":17},"end":{"line":4,"column":39}},"3":{"start":{"line":5,"column":16},"end":{"line":5,"column":46}},"4":{"start":{"line":6,"column":16},"end":{"line":6,"column":46}},"5":{"start":{"line":7,"column":0},"end":{"line":13,"column":1}},"6":{"start":{"line":8,"column":4},"end":{"line":8,"column":39}},"7":{"start":{"line":9,"column":4},"end":{"line":9,"column":58}},"8":{"start":{"line":11,"column":4},"end":{"line":11,"column":41}},"9":{"start":{"line":12,"column":4},"end":{"line":12,"column":57}},"10":{"start":{"line":32,"column":4},"end":{"line":48,"column":6}},"11":{"start":{"line":33,"column":8},"end":{"line":33,"column":54}},"12":{"start":{"line":34,"column":8},"end":{"line":34,"column":64}},"13":{"start":{"line":35,"column":8},"end":{"line":47,"column":14}},"14":{"start":{"line":37,"column":16},"end":{"line":43,"column":22}},"15":{"start":{"line":39,"column":24},"end":{"line":39,"column":48}},"16":{"start":{"line":42,"column":24},"end":{"line":42,"column":91}},"17":{"start":{"line":46,"column":16},"end":{"line":46,"column":72}},"18":{"start":{"line":55,"column":4},"end":{"line":66,"column":6}},"19":{"start":{"line":56,"column":8},"end":{"line":65,"column":14}},"20":{"start":{"line":61,"column":16},"end":{"line":61,"column":29}},"21":{"start":{"line":64,"column":16},"end":{"line":64,"column":29}},"22":{"start":{"line":73,"column":4},"end":{"line":90,"column":6}},"23":{"start":{"line":75,"column":8},"end":{"line":80,"column":9}},"24":{"start":{"line":76,"column":12},"end":{"line":76,"column":64}},"25":{"start":{"line":78,"column":12},"end":{"line":78,"column":23}},"26":{"start":{"line":79,"column":12},"end":{"line":79,"column":18}},"27":{"start":{"line":81,"column":8},"end":{"line":89,"column":14}},"28":{"start":{"line":85,"column":16},"end":{"line":85,"column":29}},"29":{"start":{"line":88,"column":16},"end":{"line":88,"column":29}},"30":{"start":{"line":96,"column":4},"end":{"line":106,"column":6}},"31":{"start":{"line":97,"column":8},"end":{"line":105,"column":14}},"32":{"start":{"line":101,"column":16},"end":{"line":101,"column":29}},"33":{"start":{"line":104,"column":16},"end":{"line":104,"column":29}},"34":{"start":{"line":108,"column":0},"end":{"line":113,"column":1}}},"fnMap":{"0":{"name":"createAsset","decl":{"start":{"line":31,"column":15},"end":{"line":31,"column":26}},"loc":{"start":{"line":31,"column":157},"end":{"line":49,"column":1}},"line":31},"1":{"name":"(anonymous_1)","decl":{"start":{"line":32,"column":23},"end":{"line":32,"column":24}},"loc":{"start":{"line":32,"column":44},"end":{"line":48,"column":5}},"line":32},"2":{"name":"(anonymous_2)","decl":{"start":{"line":36,"column":18},"end":{"line":36,"column":19}},"loc":{"start":{"line":36,"column":33},"end":{"line":44,"column":13}},"line":36},"3":{"name":"(anonymous_3)","decl":{"start":{"line":38,"column":26},"end":{"line":38,"column":27}},"loc":{"start":{"line":38,"column":41},"end":{"line":40,"column":21}},"line":38},"4":{"name":"(anonymous_4)","decl":{"start":{"line":41,"column":27},"end":{"line":41,"column":28}},"loc":{"start":{"line":41,"column":42},"end":{"line":43,"column":21}},"line":41},"5":{"name":"(anonymous_5)","decl":{"start":{"line":45,"column":19},"end":{"line":45,"column":20}},"loc":{"start":{"line":45,"column":34},"end":{"line":47,"column":13}},"line":45},"6":{"name":"getAssets","decl":{"start":{"line":54,"column":15},"end":{"line":54,"column":24}},"loc":{"start":{"line":54,"column":49},"end":{"line":67,"column":1}},"line":54},"7":{"name":"(anonymous_7)","decl":{"start":{"line":55,"column":23},"end":{"line":55,"column":24}},"loc":{"start":{"line":55,"column":44},"end":{"line":66,"column":5}},"line":55},"8":{"name":"(anonymous_8)","decl":{"start":{"line":60,"column":18},"end":{"line":60,"column":19}},"loc":{"start":{"line":60,"column":34},"end":{"line":62,"column":13}},"line":60},"9":{"name":"(anonymous_9)","decl":{"start":{"line":63,"column":19},"end":{"line":63,"column":20}},"loc":{"start":{"line":63,"column":36},"end":{"line":65,"column":13}},"line":63},"10":{"name":"getAssetInfo","decl":{"start":{"line":72,"column":15},"end":{"line":72,"column":27}},"loc":{"start":{"line":72,"column":52},"end":{"line":91,"column":1}},"line":72},"11":{"name":"(anonymous_11)","decl":{"start":{"line":73,"column":23},"end":{"line":73,"column":24}},"loc":{"start":{"line":73,"column":44},"end":{"line":90,"column":5}},"line":73},"12":{"name":"(anonymous_12)","decl":{"start":{"line":84,"column":18},"end":{"line":84,"column":19}},"loc":{"start":{"line":84,"column":34},"end":{"line":86,"column":13}},"line":84},"13":{"name":"(anonymous_13)","decl":{"start":{"line":87,"column":19},"end":{"line":87,"column":20}},"loc":{"start":{"line":87,"column":36},"end":{"line":89,"column":13}},"line":87},"14":{"name":"getAssetsForIssuer","decl":{"start":{"line":95,"column":15},"end":{"line":95,"column":33}},"loc":{"start":{"line":95,"column":47},"end":{"line":107,"column":1}},"line":95},"15":{"name":"(anonymous_15)","decl":{"start":{"line":96,"column":23},"end":{"line":96,"column":24}},"loc":{"start":{"line":96,"column":44},"end":{"line":106,"column":5}},"line":96},"16":{"name":"(anonymous_16)","decl":{"start":{"line":100,"column":18},"end":{"line":100,"column":19}},"loc":{"start":{"line":100,"column":34},"end":{"line":102,"column":13}},"line":100},"17":{"name":"(anonymous_17)","decl":{"start":{"line":103,"column":19},"end":{"line":103,"column":20}},"loc":{"start":{"line":103,"column":36},"end":{"line":105,"column":13}},"line":103}},"branchMap":{"0":{"loc":{"start":{"line":7,"column":0},"end":{"line":13,"column":1}},"type":"if","locations":[{"start":{"line":7,"column":0},"end":{"line":13,"column":1}},{"start":{"line":7,"column":0},"end":{"line":13,"column":1}}],"line":7},"1":{"loc":{"start":{"line":7,"column":4},"end":{"line":7,"column":50}},"type":"binary-expr","locations":[{"start":{"line":7,"column":4},"end":{"line":7,"column":29}},{"start":{"line":7,"column":33},"end":{"line":7,"column":50}}],"line":7},"2":{"loc":{"start":{"line":31,"column":67},"end":{"line":31,"column":89}},"type":"default-arg","locations":[{"start":{"line":31,"column":83},"end":{"line":31,"column":89}}],"line":31},"3":{"loc":{"start":{"line":31,"column":91},"end":{"line":31,"column":112}},"type":"default-arg","locations":[{"start":{"line":31,"column":103},"end":{"line":31,"column":112}}],"line":31},"4":{"loc":{"start":{"line":31,"column":114},"end":{"line":31,"column":134}},"type":"default-arg","locations":[{"start":{"line":31,"column":128},"end":{"line":31,"column":134}}],"line":31},"5":{"loc":{"start":{"line":31,"column":136},"end":{"line":31,"column":155}},"type":"default-arg","locations":[{"start":{"line":31,"column":146},"end":{"line":31,"column":155}}],"line":31},"6":{"loc":{"start":{"line":54,"column":25},"end":{"line":54,"column":35}},"type":"default-arg","locations":[{"start":{"line":54,"column":34},"end":{"line":54,"column":35}}],"line":54},"7":{"loc":{"start":{"line":54,"column":37},"end":{"line":54,"column":47}},"type":"default-arg","locations":[{"start":{"line":54,"column":45},"end":{"line":54,"column":47}}],"line":54}},"s":{"0":1,"1":1,"2":1,"3":1,"4":1,"5":1,"6":1,"7":1,"8":0,"9":0,"10":1,"11":1,"12":1,"13":1,"14":1,"15":0,"16":1,"17":0,"18":0,"19":0,"20":0,"21":0,"22":0,"23":0,"24":0,"25":0,"26":0,"27":0,"28":0,"29":0,"30":0,"31":0,"32":0,"33":0,"34":1},"f":{"0":1,"1":1,"2":1,"3":0,"4":1,"5":0,"6":0,"7":0,"8":0,"9":0,"10":0,"11":0,"12":0,"13":0,"14":0,"15":0,"16":0,"17":0},"b":{"0":[1,0],"1":[1,1],"2":[1],"3":[1],"4":[1],"5":[1],"6":[0],"7":[0]},"_coverageSchema":"43e27e138ebf9cfc5966b082cf9a028302ed4184","hash":"36e82c90fd874b6a2f3b39dc1cfe217e539d8cc0","contentHash":"c1b0926ced974df0037fe369762218b472f85591528b7556441b14762f1c540d"},"/home/cinaski/Desktop/Progetti/StellarBurrito/StellarLibs/stellarburrito/paymentOperations.js":{"path":"/home/cinaski/Desktop/Progetti/StellarBurrito/StellarLibs/stellarburrito/paymentOperations.js","statementMap":{"0":{"start":{"line":14,"column":4},"end":{"line":80,"column":6}},"1":{"start":{"line":15,"column":21},"end":{"line":15,"column":40}},"2":{"start":{"line":17,"column":18},"end":{"line":17,"column":28}},"3":{"start":{"line":18,"column":25},"end":{"line":18,"column":47}},"4":{"start":{"line":19,"column":8},"end":{"line":25,"column":9}},"5":{"start":{"line":20,"column":12},"end":{"line":20,"column":47}},"6":{"start":{"line":21,"column":12},"end":{"line":21,"column":66}},"7":{"start":{"line":23,"column":12},"end":{"line":23,"column":49}},"8":{"start":{"line":24,"column":12},"end":{"line":24,"column":65}},"9":{"start":{"line":27,"column":8},"end":{"line":40,"column":9}},"10":{"start":{"line":29,"column":16},"end":{"line":29,"column":54}},"11":{"start":{"line":30,"column":16},"end":{"line":30,"column":22}},"12":{"start":{"line":32,"column":16},"end":{"line":32,"column":52}},"13":{"start":{"line":33,"column":16},"end":{"line":33,"column":22}},"14":{"start":{"line":35,"column":16},"end":{"line":35,"column":56}},"15":{"start":{"line":36,"column":16},"end":{"line":36,"column":22}},"16":{"start":{"line":38,"column":16},"end":{"line":38,"column":69}},"17":{"start":{"line":39,"column":16},"end":{"line":39,"column":22}},"18":{"start":{"line":42,"column":8},"end":{"line":45,"column":59}},"19":{"start":{"line":43,"column":12},"end":{"line":43,"column":49}},"20":{"start":{"line":45,"column":12},"end":{"line":45,"column":59}},"21":{"start":{"line":46,"column":18},"end":{"line":46,"column":55}},"22":{"start":{"line":47,"column":8},"end":{"line":79,"column":14}},"23":{"start":{"line":49,"column":30},"end":{"line":49,"column":78}},"24":{"start":{"line":50,"column":16},"end":{"line":64,"column":17}},"25":{"start":{"line":51,"column":20},"end":{"line":55,"column":23}},"26":{"start":{"line":57,"column":20},"end":{"line":63,"column":21}},"27":{"start":{"line":57,"column":33},"end":{"line":57,"column":34}},"28":{"start":{"line":58,"column":24},"end":{"line":62,"column":27}},"29":{"start":{"line":65,"column":16},"end":{"line":65,"column":43}},"30":{"start":{"line":66,"column":16},"end":{"line":66,"column":42}},"31":{"start":{"line":67,"column":34},"end":{"line":67,"column":49}},"32":{"start":{"line":68,"column":16},"end":{"line":68,"column":37}},"33":{"start":{"line":69,"column":16},"end":{"line":75,"column":22}},"34":{"start":{"line":71,"column":24},"end":{"line":71,"column":39}},"35":{"start":{"line":74,"column":24},"end":{"line":74,"column":64}},"36":{"start":{"line":78,"column":16},"end":{"line":78,"column":99}},"37":{"start":{"line":82,"column":0},"end":{"line":84,"column":1}}},"fnMap":{"0":{"name":"Pay","decl":{"start":{"line":13,"column":15},"end":{"line":13,"column":18}},"loc":{"start":{"line":13,"column":130},"end":{"line":81,"column":1}},"line":13},"1":{"name":"(anonymous_1)","decl":{"start":{"line":14,"column":23},"end":{"line":14,"column":24}},"loc":{"start":{"line":14,"column":44},"end":{"line":80,"column":5}},"line":14},"2":{"name":"(anonymous_2)","decl":{"start":{"line":48,"column":18},"end":{"line":48,"column":19}},"loc":{"start":{"line":48,"column":43},"end":{"line":76,"column":13}},"line":48},"3":{"name":"(anonymous_3)","decl":{"start":{"line":70,"column":26},"end":{"line":70,"column":27}},"loc":{"start":{"line":70,"column":44},"end":{"line":72,"column":21}},"line":70},"4":{"name":"(anonymous_4)","decl":{"start":{"line":73,"column":27},"end":{"line":73,"column":28}},"loc":{"start":{"line":73,"column":44},"end":{"line":75,"column":21}},"line":73},"5":{"name":"(anonymous_5)","decl":{"start":{"line":77,"column":45},"end":{"line":77,"column":46}},"loc":{"start":{"line":77,"column":62},"end":{"line":79,"column":13}},"line":77}},"branchMap":{"0":{"loc":{"start":{"line":13,"column":45},"end":{"line":13,"column":65}},"type":"default-arg","locations":[{"start":{"line":13,"column":57},"end":{"line":13,"column":65}}],"line":13},"1":{"loc":{"start":{"line":13,"column":67},"end":{"line":13,"column":84}},"type":"default-arg","locations":[{"start":{"line":13,"column":76},"end":{"line":13,"column":84}}],"line":13},"2":{"loc":{"start":{"line":13,"column":85},"end":{"line":13,"column":95}},"type":"default-arg","locations":[{"start":{"line":13,"column":93},"end":{"line":13,"column":95}}],"line":13},"3":{"loc":{"start":{"line":13,"column":97},"end":{"line":13,"column":114}},"type":"default-arg","locations":[{"start":{"line":13,"column":108},"end":{"line":13,"column":114}}],"line":13},"4":{"loc":{"start":{"line":13,"column":116},"end":{"line":13,"column":128}},"type":"default-arg","locations":[{"start":{"line":13,"column":123},"end":{"line":13,"column":128}}],"line":13},"5":{"loc":{"start":{"line":19,"column":8},"end":{"line":25,"column":9}},"type":"if","locations":[{"start":{"line":19,"column":8},"end":{"line":25,"column":9}},{"start":{"line":19,"column":8},"end":{"line":25,"column":9}}],"line":19},"6":{"loc":{"start":{"line":19,"column":12},"end":{"line":19,"column":58}},"type":"binary-expr","locations":[{"start":{"line":19,"column":12},"end":{"line":19,"column":37}},{"start":{"line":19,"column":41},"end":{"line":19,"column":58}}],"line":19},"7":{"loc":{"start":{"line":27,"column":8},"end":{"line":40,"column":9}},"type":"switch","locations":[{"start":{"line":28,"column":12},"end":{"line":30,"column":22}},{"start":{"line":31,"column":12},"end":{"line":33,"column":22}},{"start":{"line":34,"column":12},"end":{"line":36,"column":22}},{"start":{"line":37,"column":12},"end":{"line":39,"column":22}}],"line":27},"8":{"loc":{"start":{"line":42,"column":8},"end":{"line":45,"column":59}},"type":"if","locations":[{"start":{"line":42,"column":8},"end":{"line":45,"column":59}},{"start":{"line":42,"column":8},"end":{"line":45,"column":59}}],"line":42},"9":{"loc":{"start":{"line":42,"column":12},"end":{"line":42,"column":55}},"type":"binary-expr","locations":[{"start":{"line":42,"column":12},"end":{"line":42,"column":30}},{"start":{"line":42,"column":34},"end":{"line":42,"column":55}}],"line":42},"10":{"loc":{"start":{"line":50,"column":16},"end":{"line":64,"column":17}},"type":"if","locations":[{"start":{"line":50,"column":16},"end":{"line":64,"column":17}},{"start":{"line":50,"column":16},"end":{"line":64,"column":17}}],"line":50}},"s":{"0":2,"1":2,"2":2,"3":2,"4":2,"5":2,"6":2,"7":0,"8":0,"9":2,"10":2,"11":2,"12":0,"13":0,"14":0,"15":0,"16":0,"17":0,"18":2,"19":1,"20":1,"21":2,"22":2,"23":2,"24":2,"25":2,"26":0,"27":0,"28":0,"29":2,"30":2,"31":2,"32":2,"33":2,"34":1,"35":1,"36":0,"37":1},"f":{"0":2,"1":2,"2":2,"3":1,"4":1,"5":0},"b":{"0":[1],"1":[1],"2":[1],"3":[1],"4":[1],"5":[2,0],"6":[2,2],"7":[2,0,0,0],"8":[1,1],"9":[2,1],"10":[2,0]},"_coverageSchema":"43e27e138ebf9cfc5966b082cf9a028302ed4184","hash":"c519cd70be9f63d9fa42fe05a6066dbec18f08b9","contentHash":"8741c3bcc2f1e2b53e9651b23ee2f3691e8296b3ca026b1df384fc0253e20a10"},"/home/cinaski/Desktop/Progetti/StellarBurrito/StellarLibs/stellarburrito/offerOperations.js":{"path":"/home/cinaski/Desktop/Progetti/StellarBurrito/StellarLibs/stellarburrito/offerOperations.js","statementMap":{"0":{"start":{"line":19,"column":4},"end":{"line":70,"column":6}},"1":{"start":{"line":20,"column":21},"end":{"line":20,"column":40}},"2":{"start":{"line":22,"column":18},"end":{"line":22,"column":28}},"3":{"start":{"line":24,"column":25},"end":{"line":24,"column":47}},"4":{"start":{"line":25,"column":8},"end":{"line":31,"column":9}},"5":{"start":{"line":26,"column":12},"end":{"line":26,"column":47}},"6":{"start":{"line":27,"column":12},"end":{"line":27,"column":66}},"7":{"start":{"line":29,"column":12},"end":{"line":29,"column":49}},"8":{"start":{"line":30,"column":12},"end":{"line":30,"column":65}},"9":{"start":{"line":32,"column":8},"end":{"line":41,"column":9}},"10":{"start":{"line":33,"column":12},"end":{"line":37,"column":13}},"11":{"start":{"line":34,"column":16},"end":{"line":34,"column":54}},"12":{"start":{"line":36,"column":16},"end":{"line":36,"column":71}},"13":{"start":{"line":38,"column":12},"end":{"line":38,"column":70}},"14":{"start":{"line":40,"column":12},"end":{"line":40,"column":59}},"15":{"start":{"line":42,"column":18},"end":{"line":42,"column":56}},"16":{"start":{"line":43,"column":8},"end":{"line":69,"column":14}},"17":{"start":{"line":45,"column":30},"end":{"line":55,"column":28}},"18":{"start":{"line":56,"column":16},"end":{"line":56,"column":33}},"19":{"start":{"line":57,"column":16},"end":{"line":64,"column":22}},"20":{"start":{"line":60,"column":24},"end":{"line":60,"column":39}},"21":{"start":{"line":63,"column":24},"end":{"line":63,"column":64}},"22":{"start":{"line":67,"column":16},"end":{"line":67,"column":34}},"23":{"start":{"line":68,"column":16},"end":{"line":68,"column":42}},"24":{"start":{"line":88,"column":4},"end":{"line":136,"column":6}},"25":{"start":{"line":89,"column":21},"end":{"line":89,"column":40}},"26":{"start":{"line":91,"column":18},"end":{"line":91,"column":28}},"27":{"start":{"line":93,"column":25},"end":{"line":93,"column":47}},"28":{"start":{"line":94,"column":8},"end":{"line":100,"column":9}},"29":{"start":{"line":95,"column":12},"end":{"line":95,"column":47}},"30":{"start":{"line":96,"column":12},"end":{"line":96,"column":66}},"31":{"start":{"line":98,"column":12},"end":{"line":98,"column":49}},"32":{"start":{"line":99,"column":12},"end":{"line":99,"column":65}},"33":{"start":{"line":101,"column":8},"end":{"line":110,"column":9}},"34":{"start":{"line":102,"column":12},"end":{"line":106,"column":13}},"35":{"start":{"line":103,"column":16},"end":{"line":103,"column":54}},"36":{"start":{"line":105,"column":16},"end":{"line":105,"column":71}},"37":{"start":{"line":107,"column":12},"end":{"line":107,"column":70}},"38":{"start":{"line":109,"column":12},"end":{"line":109,"column":59}},"39":{"start":{"line":111,"column":18},"end":{"line":111,"column":56}},"40":{"start":{"line":112,"column":8},"end":{"line":135,"column":14}},"41":{"start":{"line":114,"column":30},"end":{"line":124,"column":28}},"42":{"start":{"line":125,"column":16},"end":{"line":125,"column":33}},"43":{"start":{"line":126,"column":16},"end":{"line":134,"column":22}},"44":{"start":{"line":129,"column":24},"end":{"line":129,"column":39}},"45":{"start":{"line":132,"column":24},"end":{"line":132,"column":53}},"46":{"start":{"line":133,"column":24},"end":{"line":133,"column":64}},"47":{"start":{"line":139,"column":0},"end":{"line":142,"column":1}}},"fnMap":{"0":{"name":"createPassiveOffer","decl":{"start":{"line":18,"column":15},"end":{"line":18,"column":33}},"loc":{"start":{"line":18,"column":213},"end":{"line":71,"column":1}},"line":18},"1":{"name":"(anonymous_1)","decl":{"start":{"line":19,"column":23},"end":{"line":19,"column":24}},"loc":{"start":{"line":19,"column":44},"end":{"line":70,"column":5}},"line":19},"2":{"name":"(anonymous_2)","decl":{"start":{"line":44,"column":18},"end":{"line":44,"column":19}},"loc":{"start":{"line":44,"column":43},"end":{"line":65,"column":13}},"line":44},"3":{"name":"(anonymous_3)","decl":{"start":{"line":59,"column":26},"end":{"line":59,"column":27}},"loc":{"start":{"line":59,"column":44},"end":{"line":61,"column":21}},"line":59},"4":{"name":"(anonymous_4)","decl":{"start":{"line":62,"column":27},"end":{"line":62,"column":28}},"loc":{"start":{"line":62,"column":44},"end":{"line":64,"column":21}},"line":62},"5":{"name":"(anonymous_5)","decl":{"start":{"line":66,"column":19},"end":{"line":66,"column":20}},"loc":{"start":{"line":66,"column":26},"end":{"line":69,"column":13}},"line":66},"6":{"name":"manageOffer","decl":{"start":{"line":87,"column":15},"end":{"line":87,"column":26}},"loc":{"start":{"line":87,"column":186},"end":{"line":137,"column":1}},"line":87},"7":{"name":"(anonymous_7)","decl":{"start":{"line":88,"column":23},"end":{"line":88,"column":24}},"loc":{"start":{"line":88,"column":44},"end":{"line":136,"column":5}},"line":88},"8":{"name":"(anonymous_8)","decl":{"start":{"line":113,"column":18},"end":{"line":113,"column":19}},"loc":{"start":{"line":113,"column":43},"end":{"line":135,"column":13}},"line":113},"9":{"name":"(anonymous_9)","decl":{"start":{"line":128,"column":26},"end":{"line":128,"column":27}},"loc":{"start":{"line":128,"column":44},"end":{"line":130,"column":21}},"line":128},"10":{"name":"(anonymous_10)","decl":{"start":{"line":131,"column":27},"end":{"line":131,"column":28}},"loc":{"start":{"line":131,"column":44},"end":{"line":134,"column":21}},"line":131}},"branchMap":{"0":{"loc":{"start":{"line":18,"column":43},"end":{"line":18,"column":65}},"type":"default-arg","locations":[{"start":{"line":18,"column":57},"end":{"line":18,"column":65}}],"line":18},"1":{"loc":{"start":{"line":18,"column":67},"end":{"line":18,"column":91}},"type":"default-arg","locations":[{"start":{"line":18,"column":83},"end":{"line":18,"column":91}}],"line":18},"2":{"loc":{"start":{"line":18,"column":93},"end":{"line":18,"column":105}},"type":"default-arg","locations":[{"start":{"line":18,"column":102},"end":{"line":18,"column":105}}],"line":18},"3":{"loc":{"start":{"line":18,"column":107},"end":{"line":18,"column":116}},"type":"default-arg","locations":[{"start":{"line":18,"column":115},"end":{"line":18,"column":116}}],"line":18},"4":{"loc":{"start":{"line":18,"column":118},"end":{"line":18,"column":131}},"type":"default-arg","locations":[{"start":{"line":18,"column":128},"end":{"line":18,"column":131}}],"line":18},"5":{"loc":{"start":{"line":18,"column":133},"end":{"line":18,"column":154}},"type":"default-arg","locations":[{"start":{"line":18,"column":146},"end":{"line":18,"column":154}}],"line":18},"6":{"loc":{"start":{"line":18,"column":156},"end":{"line":18,"column":179}},"type":"default-arg","locations":[{"start":{"line":18,"column":171},"end":{"line":18,"column":179}}],"line":18},"7":{"loc":{"start":{"line":18,"column":180},"end":{"line":18,"column":190}},"type":"default-arg","locations":[{"start":{"line":18,"column":188},"end":{"line":18,"column":190}}],"line":18},"8":{"loc":{"start":{"line":18,"column":192},"end":{"line":18,"column":211}},"type":"default-arg","locations":[{"start":{"line":18,"column":201},"end":{"line":18,"column":211}}],"line":18},"9":{"loc":{"start":{"line":25,"column":8},"end":{"line":31,"column":9}},"type":"if","locations":[{"start":{"line":25,"column":8},"end":{"line":31,"column":9}},{"start":{"line":25,"column":8},"end":{"line":31,"column":9}}],"line":25},"10":{"loc":{"start":{"line":25,"column":12},"end":{"line":25,"column":58}},"type":"binary-expr","locations":[{"start":{"line":25,"column":12},"end":{"line":25,"column":37}},{"start":{"line":25,"column":41},"end":{"line":25,"column":58}}],"line":25},"11":{"loc":{"start":{"line":33,"column":12},"end":{"line":37,"column":13}},"type":"if","locations":[{"start":{"line":33,"column":12},"end":{"line":37,"column":13}},{"start":{"line":33,"column":12},"end":{"line":37,"column":13}}],"line":33},"12":{"loc":{"start":{"line":33,"column":16},"end":{"line":33,"column":66}},"type":"binary-expr","locations":[{"start":{"line":33,"column":16},"end":{"line":33,"column":38}},{"start":{"line":33,"column":42},"end":{"line":33,"column":66}}],"line":33},"13":{"loc":{"start":{"line":87,"column":64},"end":{"line":87,"column":76}},"type":"default-arg","locations":[{"start":{"line":87,"column":73},"end":{"line":87,"column":76}}],"line":87},"14":{"loc":{"start":{"line":87,"column":78},"end":{"line":87,"column":89}},"type":"default-arg","locations":[{"start":{"line":87,"column":86},"end":{"line":87,"column":89}}],"line":87},"15":{"loc":{"start":{"line":87,"column":91},"end":{"line":87,"column":104}},"type":"default-arg","locations":[{"start":{"line":87,"column":101},"end":{"line":87,"column":104}}],"line":87},"16":{"loc":{"start":{"line":87,"column":106},"end":{"line":87,"column":127}},"type":"default-arg","locations":[{"start":{"line":87,"column":119},"end":{"line":87,"column":127}}],"line":87},"17":{"loc":{"start":{"line":87,"column":129},"end":{"line":87,"column":152}},"type":"default-arg","locations":[{"start":{"line":87,"column":144},"end":{"line":87,"column":152}}],"line":87},"18":{"loc":{"start":{"line":87,"column":153},"end":{"line":87,"column":163}},"type":"default-arg","locations":[{"start":{"line":87,"column":161},"end":{"line":87,"column":163}}],"line":87},"19":{"loc":{"start":{"line":87,"column":165},"end":{"line":87,"column":184}},"type":"default-arg","locations":[{"start":{"line":87,"column":174},"end":{"line":87,"column":184}}],"line":87},"20":{"loc":{"start":{"line":94,"column":8},"end":{"line":100,"column":9}},"type":"if","locations":[{"start":{"line":94,"column":8},"end":{"line":100,"column":9}},{"start":{"line":94,"column":8},"end":{"line":100,"column":9}}],"line":94},"21":{"loc":{"start":{"line":94,"column":12},"end":{"line":94,"column":58}},"type":"binary-expr","locations":[{"start":{"line":94,"column":12},"end":{"line":94,"column":37}},{"start":{"line":94,"column":41},"end":{"line":94,"column":58}}],"line":94},"22":{"loc":{"start":{"line":102,"column":12},"end":{"line":106,"column":13}},"type":"if","locations":[{"start":{"line":102,"column":12},"end":{"line":106,"column":13}},{"start":{"line":102,"column":12},"end":{"line":106,"column":13}}],"line":102},"23":{"loc":{"start":{"line":102,"column":16},"end":{"line":102,"column":66}},"type":"binary-expr","locations":[{"start":{"line":102,"column":16},"end":{"line":102,"column":38}},{"start":{"line":102,"column":42},"end":{"line":102,"column":66}}],"line":102}},"s":{"0":1,"1":1,"2":1,"3":1,"4":1,"5":1,"6":1,"7":0,"8":0,"9":1,"10":1,"11":0,"12":1,"13":1,"14":0,"15":1,"16":1,"17":1,"18":1,"19":1,"20":0,"21":1,"22":0,"23":0,"24":1,"25":1,"26":1,"27":1,"28":1,"29":1,"30":1,"31":0,"32":0,"33":1,"34":1,"35":0,"36":1,"37":1,"38":0,"39":1,"40":1,"41":1,"42":1,"43":1,"44":0,"45":1,"46":1,"47":1},"f":{"0":1,"1":1,"2":1,"3":0,"4":1,"5":0,"6":1,"7":1,"8":1,"9":0,"10":1},"b":{"0":[0],"1":[0],"2":[0],"3":[0],"4":[0],"5":[0],"6":[0],"7":[1],"8":[1],"9":[1,0],"10":[1,1],"11":[0,1],"12":[1,0],"13":[0],"14":[0],"15":[0],"16":[0],"17":[0],"18":[1],"19":[1],"20":[1,0],"21":[1,1],"22":[0,1],"23":[1,0]},"_coverageSchema":"43e27e138ebf9cfc5966b082cf9a028302ed4184","hash":"a39609f833d2aab5fa5485d4d25606f92ad31b06","contentHash":"f401c9689d0d720dc62b768f25ef70370dfe193ea15b411786610af22356ee3f"},"/home/cinaski/Desktop/Progetti/StellarBurrito/StellarLibs/stellarburrito/history.js":{"path":"/home/cinaski/Desktop/Progetti/StellarBurrito/StellarLibs/stellarburrito/history.js","statementMap":{"0":{"start":{"line":11,"column":1},"end":{"line":44,"column":3}},"1":{"start":{"line":12,"column":15},"end":{"line":12,"column":34}},"2":{"start":{"line":14,"column":12},"end":{"line":14,"column":22}},"3":{"start":{"line":15,"column":19},"end":{"line":15,"column":41}},"4":{"start":{"line":16,"column":2},"end":{"line":22,"column":3}},"5":{"start":{"line":17,"column":3},"end":{"line":17,"column":38}},"6":{"start":{"line":18,"column":3},"end":{"line":18,"column":57}},"7":{"start":{"line":20,"column":3},"end":{"line":20,"column":40}},"8":{"start":{"line":21,"column":3},"end":{"line":21,"column":56}},"9":{"start":{"line":23,"column":2},"end":{"line":43,"column":5}},"10":{"start":{"line":30,"column":12},"end":{"line":30,"column":13}},"11":{"start":{"line":31,"column":19},"end":{"line":33,"column":5}},"12":{"start":{"line":34,"column":4},"end":{"line":38,"column":5}},"13":{"start":{"line":35,"column":5},"end":{"line":36,"column":45}},"14":{"start":{"line":36,"column":6},"end":{"line":36,"column":45}},"15":{"start":{"line":37,"column":5},"end":{"line":37,"column":8}},"16":{"start":{"line":39,"column":4},"end":{"line":39,"column":21}},"17":{"start":{"line":42,"column":4},"end":{"line":42,"column":72}},"18":{"start":{"line":55,"column":1},"end":{"line":87,"column":3}},"19":{"start":{"line":56,"column":15},"end":{"line":56,"column":34}},"20":{"start":{"line":58,"column":12},"end":{"line":58,"column":22}},"21":{"start":{"line":59,"column":19},"end":{"line":59,"column":41}},"22":{"start":{"line":60,"column":2},"end":{"line":66,"column":3}},"23":{"start":{"line":61,"column":3},"end":{"line":61,"column":38}},"24":{"start":{"line":62,"column":3},"end":{"line":62,"column":57}},"25":{"start":{"line":64,"column":3},"end":{"line":64,"column":40}},"26":{"start":{"line":65,"column":3},"end":{"line":65,"column":56}},"27":{"start":{"line":67,"column":2},"end":{"line":86,"column":5}},"28":{"start":{"line":74,"column":12},"end":{"line":74,"column":13}},"29":{"start":{"line":75,"column":23},"end":{"line":77,"column":5}},"30":{"start":{"line":78,"column":4},"end":{"line":81,"column":5}},"31":{"start":{"line":79,"column":5},"end":{"line":79,"column":52}},"32":{"start":{"line":80,"column":5},"end":{"line":80,"column":8}},"33":{"start":{"line":82,"column":4},"end":{"line":82,"column":25}},"34":{"start":{"line":85,"column":4},"end":{"line":85,"column":72}},"35":{"start":{"line":89,"column":0},"end":{"line":92,"column":1}}},"fnMap":{"0":{"name":"paymentsHistory","decl":{"start":{"line":10,"column":15},"end":{"line":10,"column":30}},"loc":{"start":{"line":10,"column":84},"end":{"line":45,"column":1}},"line":10},"1":{"name":"(anonymous_1)","decl":{"start":{"line":11,"column":20},"end":{"line":11,"column":21}},"loc":{"start":{"line":11,"column":41},"end":{"line":44,"column":2}},"line":11},"2":{"name":"(anonymous_2)","decl":{"start":{"line":29,"column":9},"end":{"line":29,"column":10}},"loc":{"start":{"line":29,"column":25},"end":{"line":40,"column":4}},"line":29},"3":{"name":"(anonymous_3)","decl":{"start":{"line":41,"column":10},"end":{"line":41,"column":11}},"loc":{"start":{"line":41,"column":25},"end":{"line":43,"column":4}},"line":41},"4":{"name":"transactionsHistory","decl":{"start":{"line":54,"column":15},"end":{"line":54,"column":34}},"loc":{"start":{"line":54,"column":88},"end":{"line":88,"column":1}},"line":54},"5":{"name":"(anonymous_5)","decl":{"start":{"line":55,"column":20},"end":{"line":55,"column":21}},"loc":{"start":{"line":55,"column":41},"end":{"line":87,"column":2}},"line":55},"6":{"name":"(anonymous_6)","decl":{"start":{"line":73,"column":9},"end":{"line":73,"column":10}},"loc":{"start":{"line":73,"column":25},"end":{"line":83,"column":4}},"line":73},"7":{"name":"(anonymous_7)","decl":{"start":{"line":84,"column":10},"end":{"line":84,"column":11}},"loc":{"start":{"line":84,"column":25},"end":{"line":86,"column":4}},"line":84}},"branchMap":{"0":{"loc":{"start":{"line":10,"column":40},"end":{"line":10,"column":50}},"type":"default-arg","locations":[{"start":{"line":10,"column":48},"end":{"line":10,"column":50}}],"line":10},"1":{"loc":{"start":{"line":10,"column":52},"end":{"line":10,"column":66}},"type":"default-arg","locations":[{"start":{"line":10,"column":60},"end":{"line":10,"column":66}}],"line":10},"2":{"loc":{"start":{"line":10,"column":68},"end":{"line":10,"column":82}},"type":"default-arg","locations":[{"start":{"line":10,"column":77},"end":{"line":10,"column":82}}],"line":10},"3":{"loc":{"start":{"line":16,"column":2},"end":{"line":22,"column":3}},"type":"if","locations":[{"start":{"line":16,"column":2},"end":{"line":22,"column":3}},{"start":{"line":16,"column":2},"end":{"line":22,"column":3}}],"line":16},"4":{"loc":{"start":{"line":16,"column":6},"end":{"line":16,"column":52}},"type":"binary-expr","locations":[{"start":{"line":16,"column":6},"end":{"line":16,"column":31}},{"start":{"line":16,"column":35},"end":{"line":16,"column":52}}],"line":16},"5":{"loc":{"start":{"line":35,"column":5},"end":{"line":36,"column":45}},"type":"if","locations":[{"start":{"line":35,"column":5},"end":{"line":36,"column":45}},{"start":{"line":35,"column":5},"end":{"line":36,"column":45}}],"line":35},"6":{"loc":{"start":{"line":54,"column":44},"end":{"line":54,"column":54}},"type":"default-arg","locations":[{"start":{"line":54,"column":52},"end":{"line":54,"column":54}}],"line":54},"7":{"loc":{"start":{"line":54,"column":56},"end":{"line":54,"column":70}},"type":"default-arg","locations":[{"start":{"line":54,"column":64},"end":{"line":54,"column":70}}],"line":54},"8":{"loc":{"start":{"line":54,"column":72},"end":{"line":54,"column":86}},"type":"default-arg","locations":[{"start":{"line":54,"column":81},"end":{"line":54,"column":86}}],"line":54},"9":{"loc":{"start":{"line":60,"column":2},"end":{"line":66,"column":3}},"type":"if","locations":[{"start":{"line":60,"column":2},"end":{"line":66,"column":3}},{"start":{"line":60,"column":2},"end":{"line":66,"column":3}}],"line":60},"10":{"loc":{"start":{"line":60,"column":6},"end":{"line":60,"column":52}},"type":"binary-expr","locations":[{"start":{"line":60,"column":6},"end":{"line":60,"column":31}},{"start":{"line":60,"column":35},"end":{"line":60,"column":52}}],"line":60}},"s":{"0":1,"1":1,"2":1,"3":1,"4":1,"5":1,"6":1,"7":0,"8":0,"9":1,"10":1,
[...]
36,"column":12},"end":{"line":36,"column":13}},"12":{"start":{"line":37,"column":4},"end":{"line":56,"column":5}},"13":{"start":{"line":38,"column":5},"end":{"line":54,"column":7}},"14":{"start":{"line":55,"column":5},"end":{"line":55,"column":8}},"15":{"start":{"line":57,"column":4},"end":{"line":57,"column":20}},"16":{"start":{"line":60,"column":4},"end":{"line":60,"column":71}},"17":{"start":{"line":64,"column":0},"end":{"line":66,"column":1}}},"fnMap":{"0":{"name":"getLedgers","decl":{"start":{"line":25,"column":15},"end":{"line":25,"column":25}},"loc":{"start":{"line":25,"column":70},"end":{"line":63,"column":1}},"line":25},"1":{"name":"(anonymous_1)","decl":{"start":{"line":26,"column":20},"end":{"line":26,"column":21}},"loc":{"start":{"line":26,"column":41},"end":{"line":62,"column":2}},"line":26},"2":{"name":"(anonymous_2)","decl":{"start":{"line":32,"column":9},"end":{"line":32,"column":10}},"loc":{"start":{"line":32,"column":25},"end":{"line":58,"column":4}},"line":32},"3":{"name":"(anonymous_3)","decl":{"start":{"line":59,"column":10},"end":{"line":59,"column":11}},"loc":{"start":{"line":59,"column":25},"end":{"line":61,"column":4}},"line":59}},"branchMap":{"0":{"loc":{"start":{"line":5,"column":0},"end":{"line":11,"column":1}},"type":"if","locations":[{"start":{"line":5,"column":0},"end":{"line":11,"column":1}},{"start":{"line":5,"column":0},"end":{"line":11,"column":1}}],"line":5},"1":{"loc":{"start":{"line":5,"column":4},"end":{"line":5,"column":50}},"type":"binary-expr","locations":[{"start":{"line":5,"column":4},"end":{"line":5,"column":29}},{"start":{"line":5,"column":33},"end":{"line":5,"column":50}}],"line":5},"2":{"loc":{"start":{"line":25,"column":26},"end":{"line":25,"column":36}},"type":"default-arg","locations":[{"start":{"line":25,"column":34},"end":{"line":25,"column":36}}],"line":25},"3":{"loc":{"start":{"line":25,"column":38},"end":{"line":25,"column":52}},"type":"default-arg","locations":[{"start":{"line":25,"column":46},"end":{"line":25,"column":52}}],"line":25},"4":{"loc":{"start":{"line":25,"column":54},"end":{"line":25,"column":68}},"type":"default-arg","locations":[{"start":{"line":25,"column":63},"end":{"line":25,"column":68}}],"line":25}},"s":{"0":1,"1":1,"2":1,"3":1,"4":1,"5":1,"6":0,"7":0,"8":1,"9":1,"10":1,"11":1,"12":1,"13":0,"14":0,"15":1,"16":0,"17":1},"f":{"0":1,"1":1,"2":1,"3":0},"b":{"0":[1,0],"1":[1,1],"2":[0],"3":[0],"4":[1]},"_coverageSchema":"43e27e138ebf9cfc5966b082cf9a028302ed4184","hash":"bdceff5151106f82cbc8312f652bec4e3bf71187","contentHash":"d733f7b44cfe156ee18a7db2d3454b7c6fc12b783d4be252aa32a74964d5ca41"},"/home/cinaski/Desktop/Progetti/StellarBurrito/StellarLibs/stellarburrito/accountOptions.js":{"path":"/home/cinaski/Desktop/Progetti/StellarBurrito/StellarLibs/stellarburrito/accountOptions.js","statementMap":{"0":{"start":{"line":13,"column":2},"end":{"line":49,"column":4}},"1":{"start":{"line":14,"column":17},"end":{"line":14,"column":36}},"2":{"start":{"line":16,"column":14},"end":{"line":16,"column":24}},"3":{"start":{"line":17,"column":21},"end":{"line":17,"column":43}},"4":{"start":{"line":18,"column":4},"end":{"line":24,"column":5}},"5":{"start":{"line":19,"column":6},"end":{"line":19,"column":60}},"6":{"start":{"line":20,"column":6},"end":{"line":20,"column":41}},"7":{"start":{"line":22,"column":6},"end":{"line":22,"column":59}},"8":{"start":{"line":23,"column":6},"end":{"line":23,"column":43}},"9":{"start":{"line":25,"column":14},"end":{"line":25,"column":52}},"10":{"start":{"line":26,"column":4},"end":{"line":48,"column":8}},"11":{"start":{"line":28,"column":8},"end":{"line":31,"column":11}},"12":{"start":{"line":34,"column":26},"end":{"line":37,"column":18}},"13":{"start":{"line":38,"column":8},"end":{"line":38,"column":30}},"14":{"start":{"line":39,"column":8},"end":{"line":39,"column":52}},"15":{"start":{"line":43,"column":8},"end":{"line":43,"column":23}},"16":{"start":{"line":47,"column":8},"end":{"line":47,"column":35}},"17":{"start":{"line":60,"column":2},"end":{"line":68,"column":4}},"18":{"start":{"line":61,"column":4},"end":{"line":67,"column":8}},"19":{"start":{"line":63,"column":8},"end":{"line":63,"column":23}},"20":{"start":{"line":66,"column":8},"end":{"line":66,"column":35}},"21":{"start":{"line":79,"column":2},"end":{"line":87,"column":4}},"22":{"start":{"line":80,"column":4},"end":{"line":86,"column":8}},"23":{"start":{"line":82,"column":8},"end":{"line":82,"column":23}},"24":{"start":{"line":85,"column":8},"end":{"line":85,"column":35}},"25":{"start":{"line":98,"column":2},"end":{"line":111,"column":4}},"26":{"start":{"line":99,"column":4},"end":{"line":103,"column":8}},"27":{"start":{"line":100,"column":6},"end":{"line":103,"column":8}},"28":{"start":{"line":104,"column":4},"end":{"line":110,"column":8}},"29":{"start":{"line":106,"column":8},"end":{"line":106,"column":23}},"30":{"start":{"line":109,"column":8},"end":{"line":109,"column":35}},"31":{"start":{"line":122,"column":2},"end":{"line":135,"column":4}},"32":{"start":{"line":123,"column":4},"end":{"line":127,"column":8}},"33":{"start":{"line":124,"column":6},"end":{"line":127,"column":8}},"34":{"start":{"line":128,"column":4},"end":{"line":134,"column":8}},"35":{"start":{"line":130,"column":8},"end":{"line":130,"column":23}},"36":{"start":{"line":133,"column":8},"end":{"line":133,"column":35}},"37":{"start":{"line":147,"column":2},"end":{"line":159,"column":4}},"38":{"start":{"line":148,"column":18},"end":{"line":151,"column":5}},"39":{"start":{"line":152,"column":4},"end":{"line":158,"column":8}},"40":{"start":{"line":154,"column":8},"end":{"line":154,"column":23}},"41":{"start":{"line":157,"column":8},"end":{"line":157,"column":35}},"42":{"start":{"line":170,"column":2},"end":{"line":178,"column":4}},"43":{"start":{"line":171,"column":4},"end":{"line":177,"column":8}},"44":{"start":{"line":173,"column":8},"end":{"line":173,"column":23}},"45":{"start":{"line":176,"column":8},"end":{"line":176,"column":35}},"46":{"start":{"line":189,"column":2},"end":{"line":197,"column":4}},"47":{"start":{"line":190,"column":4},"end":{"line":196,"column":8}},"48":{"start":{"line":192,"column":8},"end":{"line":192,"column":23}},"49":{"start":{"line":195,"column":8},"end":{"line":195,"column":35}},"50":{"start":{"line":208,"column":2},"end":{"line":216,"column":4}},"51":{"start":{"line":209,"column":4},"end":{"line":215,"column":8}},"52":{"start":{"line":211,"column":8},"end":{"line":211,"column":23}},"53":{"start":{"line":214,"column":8},"end":{"line":214,"column":35}},"54":{"start":{"line":226,"column":2},"end":{"line":234,"column":4}},"55":{"start":{"line":227,"column":4},"end":{"line":233,"column":8}},"56":{"start":{"line":229,"column":8},"end":{"line":229,"column":23}},"57":{"start":{"line":232,"column":8},"end":{"line":232,"column":35}},"58":{"start":{"line":244,"column":2},"end":{"line":252,"column":4}},"59":{"start":{"line":245,"column":4},"end":{"line":251,"column":8}},"60":{"start":{"line":247,"column":8},"end":{"line":247,"column":23}},"61":{"start":{"line":250,"column":8},"end":{"line":250,"column":35}},"62":{"start":{"line":254,"column":0},"end":{"line":266,"column":1}}},"fnMap":{"0":{"name":"setOptions","decl":{"start":{"line":12,"column":15},"end":{"line":12,"column":25}},"loc":{"start":{"line":12,"column":58},"end":{"line":50,"column":1}},"line":12},"1":{"name":"(anonymous_1)","decl":{"start":{"line":13,"column":21},"end":{"line":13,"column":22}},"loc":{"start":{"line":13,"column":42},"end":{"line":49,"column":3}},"line":13},"2":{"name":"(anonymous_2)","decl":{"start":{"line":27,"column":39},"end":{"line":27,"column":40}},"loc":{"start":{"line":27,"column":56},"end":{"line":32,"column":7}},"line":27},"3":{"name":"(anonymous_3)","decl":{"start":{"line":33,"column":12},"end":{"line":33,"column":13}},"loc":{"start":{"line":33,"column":37},"end":{"line":40,"column":7}},"line":33},"4":{"name":"(anonymous_4)","decl":{"start":{"line":41,"column":12},"end":{"line":41,"column":13}},"loc":{"start":{"line":41,"column":30},"end":{"line":45,"column":7}},"line":41},"5":{"name":"(anonymous_5)","decl":{"start":{"line":46,"column":13},"end":{"line":46,"column":14}},"loc":{"start":{"line":46,"column":30},"end":{"line":48,"column":7}},"line":46},"6":{"name":"setInlationDestination","decl":{"start":{"line":59,"column":15},"end":{"line":59,"column":37}},"loc":{"start":{"line":59,"column":76},"end":{"line":69,"column":1}},"line":59},"7":{"name":"(anonymous_7)","decl":{"start":{"line":60,"column":21},"end":{"line":60,"column":22}},"loc":{"start":{"line":60,"column":42},"end":{"line":68,"column":3}},"line":60},"8":{"name":"(anonymous_8)","decl":{"start":{"line":62,"column":12},"end":{"line":62,"column":13}},"loc":{"start":{"line":62,"column":30},"end":{"line":64,"column":7}},"line":62},"9":{"name":"(anonymous_9)","decl":{"start":{"line":65,"column":13},"end":{"line":65,"column":14}},"loc":{"start":{"line":65,"column":30},"end":{"line":67,"column":7}},"line":65},"10":{"name":"setHomeDomain","decl":{"start":{"line":78,"column":15},"end":{"line":78,"column":28}},"loc":{"start":{"line":78,"column":64},"end":{"line":88,"column":1}},"line":78},"11":{"name":"(anonymous_11)","decl":{"start":{"line":79,"column":21},"end":{"line":79,"column":22}},"loc":{"start":{"line":79,"column":42},"end":{"line":87,"column":3}},"line":79},"12":{"name":"(anonymous_12)","decl":{"start":{"line":81,"column":12},"end":{"line":81,"column":13}},"loc":{"start":{"line":81,"column":30},"end":{"line":83,"column":7}},"line":81},"13":{"name":"(anonymous_13)","decl":{"start":{"line":84,"column":13},"end":{"line":84,"column":14}},"loc":{"start":{"line":84,"column":30},"end":{"line":86,"column":7}},"line":84},"14":{"name":"setFlag","decl":{"start":{"line":97,"column":15},"end":{"line":97,"column":22}},"loc":{"start":{"line":97,"column":52},"end":{"line":112,"column":1}},"line":97},"15":{"name":"(anonymous_15)","decl":{"start":{"line":98,"column":21},"end":{"line":98,"column":22}},"loc":{"start":{"line":98,"column":42},"end":{"line":111,"column":3}},"line":98},"16":{"name":"(anonymous_16)","decl":{"start":{"line":105,"column":12},"end":{"line":105,"column":13}},"loc":{"start":{"line":105,"column":30},"end":{"line":107,"column":7}},"line":105},"17":{"name":"(anonymous_17)","decl":{"start":{"line":108,"column":13},"end":{"line":108,"column":14}},"loc":{"start":{"line":108,"column":30},"end":{"line":110,"column":7}},"line":108},"18":{"name":"clearFlag","decl":{"start":{"line":121,"column":15},"end":{"line":121,"column":24}},"loc":{"start":{"line":121,"column":49},"end":{"line":136,"column":1}},"line":121},"19":{"name":"(anonymous_19)","decl":{"start":{"line":122,"column":21},"end":{"line":122,"column":22}},"loc":{"start":{"line":122,"column":42},"end":{"line":135,"column":3}},"line":122},"20":{"name":"(anonymous_20)","decl":{"start":{"line":129,"column":12},"end":{"line":129,"column":13}},"loc":{"start":{"line":129,"column":30},"end":{"line":131,"column":7}},"line":129},"21":{"name":"(anonymous_21)","decl":{"start":{"line":132,"column":13},"end":{"line":132,"column":14}},"loc":{"start":{"line":132,"column":30},"end":{"line":134,"column":7}},"line":132},"22":{"name":"setSigner","decl":{"start":{"line":146,"column":15},"end":{"line":146,"column":24}},"loc":{"start":{"line":146,"column":65},"end":{"line":160,"column":1}},"line":146},"23":{"name":"(anonymous_23)","decl":{"start":{"line":147,"column":21},"end":{"line":147,"column":22}},"loc":{"start":{"line":147,"column":42},"end":{"line":159,"column":3}},"line":147},"24":{"name":"(anonymous_24)","decl":{"start":{"line":153,"column":12},"end":{"line":153,"column":13}},"loc":{"start":{"line":153,"column":30},"end":{"line":155,"column":7}},"line":153},"25":{"name":"(anonymous_25)","decl":{"start":{"line":156,"column":13},"end":{"line":156,"column":14}},"loc":{"start":{"line":156,"column":30},"end":{"line":158,"column":7}},"line":156},"26":{"name":"setLowThreshold","decl":{"start":{"line":169,"column":15},"end":{"line":169,"column":30}},"loc":{"start":{"line":169,"column":68},"end":{"line":179,"column":1}},"line":169},"27":{"name":"(anonymous_27)","decl":{"start":{"line":170,"column":21},"end":{"line":170,"column":22}},"loc":{"start":{"line":170,"column":42},"end":{"line":178,"column":3}},"line":170},"28":{"name":"(anonymous_28)","decl":{"start":{"line":172,"column":12},"end":{"line":172,"column":13}},"loc":{"start":{"line":172,"column":30},"end":{"line":174,"column":7}},"line":172},"29":{"name":"(anonymous_29)","decl":{"start":{"line":175,"column":13},"end":{"line":175,"column":14}},"loc":{"start":{"line":175,"column":30},"end":{"line":177,"column":7}},"line":175},"30":{"name":"setMediumThreshold","decl":{"start":{"line":188,"column":15},"end":{"line":188,"column":33}},"loc":{"start":{"line":188,"column":71},"end":{"line":198,"column":1}},"line":188},"31":{"name":"(anonymous_31)","decl":{"start":{"line":189,"column":21},"end":{"line":189,"column":22}},"loc":{"start":{"line":189,"column":42},"end":{"line":197,"column":3}},"line":189},"32":{"name":"(anonymous_32)","decl":{"start":{"line":191,"column":12},"end":{"line":191,"column":13}},"loc":{"start":{"line":191,"column":30},"end":{"line":193,"column":7}},"line":191},"33":{"name":"(anonymous_33)","decl":{"start":{"line":194,"column":13},"end":{"line":194,"column":14}},"loc":{"start":{"line":194,"column":30},"end":{"line":196,"column":7}},"line":194},"34":{"name":"setHighThreshold","decl":{"start":{"line":207,"column":15},"end":{"line":207,"column":31}},"loc":{"start":{"line":207,"column":70},"end":{"line":217,"column":1}},"line":207},"35":{"name":"(anonymous_35)","decl":{"start":{"line":208,"column":21},"end":{"line":208,"column":22}},"loc":{"start":{"line":208,"column":42},"end":{"line":216,"column":3}},"line":208},"36":{"name":"(anonymous_36)","decl":{"start":{"line":210,"column":12},"end":{"line":210,"column":13}},"loc":{"start":{"line":210,"column":30},"end":{"line":212,"column":7}},"line":210},"37":{"name":"(anonymous_37)","decl":{"start":{"line":213,"column":13},"end":{"line":213,"column":14}},"loc":{"start":{"line":213,"column":30},"end":{"line":215,"column":7}},"line":213},"38":{"name":"setMasterWeight","decl":{"start":{"line":225,"column":15},"end":{"line":225,"column":30}},"loc":{"start":{"line":225,"column":68},"end":{"line":235,"column":1}},"line":225},"39":{"name":"(anonymous_39)","decl":{"start":{"line":226,"column":21},"end":{"line":226,"column":22}},"loc":{"start":{"line":226,"column":42},"end":{"line":234,"column":3}},"line":226},"40":{"name":"(anonymous_40)","decl":{"start":{"line":228,"column":12},"end":{"line":228,"column":13}},"loc":{"start":{"line":228,"column":30},"end":{"line":230,"column":7}},"line":228},"41":{"name":"(anonymous_41)","decl":{"start":{"line":231,"column":13},"end":{"line":231,"column":14}},"loc":{"start":{"line":231,"column":30},"end":{"line":233,"column":7}},"line":231},"42":{"name":"bumpSequence","decl":{"start":{"line":243,"column":15},"end":{"line":243,"column":27}},"loc":{"start":{"line":243,"column":59},"end":{"line":253,"column":1}},"line":243},"43":{"name":"(anonymous_43)","decl":{"start":{"line":244,"column":21},"end":{"line":244,"column":22}},"loc":{"start":{"line":244,"column":42},"end":{"line":252,"column":3}},"line":244},"44":{"name":"(anonymous_44)","decl":{"start":{"line":246,"column":12},"end":{"line":246,"column":13}},"loc":{"start":{"line":246,"column":30},"end":{"line":248,"column":7}},"line":246},"45":{"name":"(anonymous_45)","decl":{"start":{"line":249,"column":13},"end":{"line":249,"column":14}},"loc":{"start":{"line":249,"column":30},"end":{"line":251,"column":7}},"line":249}},"branchMap":{"0":{"loc":{"start":{"line":12,"column":44},"end":{"line":12,"column":56}},"type":"default-arg","locations":[{"start":{"line":12,"column":54},"end":{"line":12,"column":56}}],"line":12},"1":{"loc":{"start":{"line":18,"column":4},"end":{"line":24,"column":5}},"type":"if","locations":[{"start":{"line":18,"column":4},"end":{"line":24,"column":5}},{"start":{"line":18,"column":4},"end":{"line":24,"column":5}}],"line":18},"2":{"loc":{"start":{"line":18,"column":8},"end":{"line":18,"column":54}},"type":"binary-expr","locations":[{"start":{"line":18,"column":8},"end":{"line":18,"column":33}},{"start":{"line":18,"column":37},"end":{"line":18,"column":54}}],"line":18},"3":{"loc":{"start":{"line":59,"column":62},"end":{"line":59,"column":74}},"type":"default-arg","locations":[{"start":{"line":59,"column":72},"end":{"line":59,"column":74}}],"line":59},"4":{"loc":{"start":{"line":78,"column":50},"end":{"line":78,"column":62}},"type":"default-arg","locations":[{"start":{"line":78,"column":60},"end":{"line":78,"column":62}}],"line":78},"5":{"loc":{"start":{"line":97,"column":38},"end":{"line":97,"column":50}},"type":"default-arg","locations":[{"start":{"line":97,"column":48},"end":{"line":97,"column":50}}],"line":97},"6":{"loc":{"start":{"line":99,"column":4},"end":{"line":103,"column":8}},"type":"if","locations":[{"start":{"line":99,"column":4},"end":{"line":103,"column":8}},{"start":{"line":99,"column":4},"end":{"line":103,"column":8}}],"line":99},"7":{"loc":{"start":{"line":99,"column":8},"end":{"line":99,"column":43}},"type":"binary-expr","locations":[{"start":{"line":99,"column":8},"end":{"line":99,"column":17}},{"start":{"line":99,"column":21},"end":{"line":99,"column":30}},{"start":{"line":99,"column":34},"end":{"line":99,"column":43}}],"line":99},"8":{"loc":{"start":{"line":123,"column":4},"end":{"line":127,"column":8}},"type":"if","locations":[{"start":{"line":123,"column":4},"end":{"line":127,"column":8}},{"start":{"line":123,"column":4},"end":{"line":127,"column":8}}],"line":123},"9":{"loc":{"start":{"line":123,"column":8},"end":{"line":123,"column":43}},"type":"binary-expr","locations":[{"start":{"line":123,"column":8},"end":{"line":123,"column":17}},{"start":{"line":123,"column":21},"end":{"line":123,"column":30}},{"start":{"line":123,"column":34},"end":{"line":123,"column":43}}],"line":123},"10":{"loc":{"start":{"line":169,"column":54},"end":{"line":169,"column":66}},"type":"default-arg","locations":[{"start":{"line":169,"column":64},"end":{"line":169,"column":66}}],"line":169},"11":{"loc":{"start":{"line":188,"column":57},"end":{"line":188,"column":69}},"type":"default-arg","locations":[{"start":{"line":188,"column":67},"end":{"line":188,"column":69}}],"line":188},"12":{"loc":{"start":{"line":207,"column":56},"end":{"line":207,"column":68}},"type":"default-arg","locations":[{"start":{"line":207,"column":66},"end":{"line":207,"column":68}}],"line":207},"13":{"loc":{"start":{"line":225,"column":54},"end":{"line":225,"column":66}},"type":"default-arg","locations":[{"start":{"line":225,"column":64},"end":{"line":225,"column":66}}],"line":225},"14":{"loc":{"start":{"line":243,"column":45},"end":{"line":243,"column":57}},"type":"default-arg","locations":[{"start":{"line":243,"column":55},"end":{"line":243,"column":57}}],"line":243}},"s":{"0":7,"1":7,"2":7,"3":7,"4":7,"5":7,"6":7,"7":0,"8":0,"9":7,"10":7,"11":0,"12":7,"13":7,"14":7,"15":7,"16":0,"17":1,"18":1,"19":1,"20":0,"21":1,"22":1,"23":1,"24":0,"25":1,"26":1,"27":0,"28":1,"29":1,"30":0,"31":0,"32":0,"33":0,"34":0,"35":0,"36":0,"37":0,"38":0,"39":0,"40":0,"41":0,"42":1,"43":1,"44":1,"45":0,"46":1,"47":1,"48":1,"49":0,"50":1,"51":1,"52":1,"53":0,"54":1,"55":1,"56":1,"57":0,"58":0,"59":0,"60":0,"61":0,"62":1},"f":{"0":7,"1":7,"2":0,"3":7,"4":7,"5":0,"6":1,"7":1,"8":1,"9":0,"10":1,"11":1,"12":1,"13":0,"14":1,"15":1,"16":1,"17":0,"18":0,"19":0,"20":0,"21":0,"22":0,"23":0,"24":0,"25":0,"26":1,"27":1,"28":1,"29":0,"30":1,"31":1,"32":1,"33":0,"34":1,"35":1,"36":1,"37":0,"38":1,"39":1,"40":1,"41":0,"42":0,"43":0,"44":0,"45":0},"b":{"0":[0],"1":[7,0],"2":[7,7],"3":[1],"4":[1],"5":[1],"6":[0,1],"7":[1,0,0],"8":[0,0],"9":[0,0,0],"10":[1],"11":[1],"12":[1],"13":[1],"14":[0]},"_coverageSchema":"43e27e138ebf9cfc5966b082cf9a028302ed4184","hash":"50d95484cc433c6442dcf01bab56f9212e1de096","contentHash":"b16a4da25edea5478aef4d09434ef9826598ce441317242794383fe71e175d39"}}